<!DOCTYPE html>

<html>
  <head>
  <meta charset='utf-8'>
  <title>TestNG reports</title>

    <link type="text/css" href="testng-reports.css" rel="stylesheet" />
    <script type="text/javascript" src="jquery-1.7.1.min.js"></script>
    <script type="text/javascript" src="testng-reports.js"></script>
    <script type="text/javascript" src="https://www.google.com/jsapi"></script>
    <script type='text/javascript'>
      google.load('visualization', '1', {packages:['table']});
      google.setOnLoadCallback(drawTable);
      var suiteTableInitFunctions = new Array();
      var suiteTableData = new Array();
    </script>
    <!--
      <script type="text/javascript" src="jquery-ui/js/jquery-ui-1.8.16.custom.min.js"></script>
     -->
  </head>

  <body>
    <div class="top-banner-root">
      <span class="top-banner-title-font">Test results</span>
      <br/>
      <span class="top-banner-font-1">1 suite, 39 failed tests</span>
    </div> <!-- top-banner-root -->
    <div class="navigator-root">
      <div class="navigator-suite-header">
        <span>All suites</span>
        <a href="#" title="Collapse/expand all the suites" class="collapse-all-link">
          <img src="collapseall.gif" class="collapse-all-icon">
          </img> <!-- collapse-all-icon -->
        </a> <!-- collapse-all-link -->
      </div> <!-- navigator-suite-header -->
      <div class="suite">
        <div class="rounded-window">
          <div class="suite-header light-rounded-window-top">
            <a href="#" panel-name="suite-All_Test_Suite" class="navigator-link">
              <span class="suite-name border-failed">All Test Suite</span>
            </a> <!-- navigator-link -->
          </div> <!-- suite-header light-rounded-window-top -->
          <div class="navigator-suite-content">
            <div class="suite-section-title">
              <span>Info</span>
            </div> <!-- suite-section-title -->
            <div class="suite-section-content">
              <ul>
                <li>
                  <a href="#" panel-name="test-xml-All_Test_Suite" class="navigator-link ">
                    <span>testng.xml</span>
                  </a> <!-- navigator-link  -->
                </li>
                <li>
                  <a href="#" panel-name="testlist-All_Test_Suite" class="navigator-link ">
                    <span class="test-stats">1 test</span>
                  </a> <!-- navigator-link  -->
                </li>
                <li>
                  <a href="#" panel-name="group-All_Test_Suite" class="navigator-link ">
                    <span>0 groups</span>
                  </a> <!-- navigator-link  -->
                </li>
                <li>
                  <a href="#" panel-name="times-All_Test_Suite" class="navigator-link ">
                    <span>Times</span>
                  </a> <!-- navigator-link  -->
                </li>
                <li>
                  <a href="#" panel-name="reporter-All_Test_Suite" class="navigator-link ">
                    <span>Reporter output</span>
                  </a> <!-- navigator-link  -->
                </li>
                <li>
                  <a href="#" panel-name="ignored-methods-All_Test_Suite" class="navigator-link ">
                    <span>Ignored methods</span>
                  </a> <!-- navigator-link  -->
                </li>
                <li>
                  <a href="#" panel-name="chronological-All_Test_Suite" class="navigator-link ">
                    <span>Chronological view</span>
                  </a> <!-- navigator-link  -->
                </li>
              </ul>
            </div> <!-- suite-section-content -->
            <div class="result-section">
              <div class="suite-section-title">
                <span>Results</span>
              </div> <!-- suite-section-title -->
              <div class="suite-section-content">
                <ul>
                  <li>
                    <span class="method-stats">66 methods, 39 failed,  27 skipped,  </span>
                  </li>
                  <li>
                    <span class="method-list-title failed">Failed methods</span>
                    <span class="show-or-hide-methods failed">
                      <a href="#" panel-name="suite-All_Test_Suite" class="hide-methods failed suite-All_Test_Suite"> (hide)</a> <!-- hide-methods failed suite-All_Test_Suite -->
                      <a href="#" panel-name="suite-All_Test_Suite" class="show-methods failed suite-All_Test_Suite"> (show)</a> <!-- show-methods failed suite-All_Test_Suite -->
                    </span>
                    <div class="method-list-content failed suite-All_Test_Suite">
                      <span>
                        <img src="failed.png" width="3%"/>
                        <a href="#" panel-name="suite-All_Test_Suite" title="testCases.agentNegativeTestCases" class="method navigator-link" hash-for-method="AgentConfigProps_invalid">AgentConfigProps_invalid</a> <!-- method navigator-link -->
                      </span>
                      <br/>
                      <span>
                        <img src="failed.png" width="3%"/>
                        <a href="#" panel-name="suite-All_Test_Suite" title="testCases.agentsElementVerification" class="method navigator-link" hash-for-method="AgentDeleteVerify">AgentDeleteVerify</a> <!-- method navigator-link -->
                      </span>
                      <br/>
                      <span>
                        <img src="failed.png" width="3%"/>
                        <a href="#" panel-name="suite-All_Test_Suite" title="testCases.baseImagesElementsVerification" class="method navigator-link" hash-for-method="ImageFilterVerification">ImageFilterVerification</a> <!-- method navigator-link -->
                      </span>
                      <br/>
                      <span>
                        <img src="failed.png" width="3%"/>
                        <a href="#" panel-name="suite-All_Test_Suite" title="testCases.agentNegativeTestCases" class="method navigator-link" hash-for-method="InvalidCharacters_Agents">InvalidCharacters_Agents</a> <!-- method navigator-link -->
                      </span>
                      <br/>
                      <span>
                        <img src="failed.png" width="3%"/>
                        <a href="#" panel-name="suite-All_Test_Suite" title="testCases.agentNegativeTestCases" class="method navigator-link" hash-for-method="InvalidCharacters_AgentsPorts">InvalidCharacters_AgentsPorts</a> <!-- method navigator-link -->
                      </span>
                      <br/>
                      <span>
                        <img src="failed.png" width="3%"/>
                        <a href="#" panel-name="suite-All_Test_Suite" title="testCases.baseImagesElementsVerification" class="method navigator-link" hash-for-method="VerifyConfirmButton">VerifyConfirmButton</a> <!-- method navigator-link -->
                      </span>
                      <br/>
                      <span>
                        <img src="failed.png" width="3%"/>
                        <a href="#" panel-name="suite-All_Test_Suite" title="testCases.agentsElementVerification" class="method navigator-link" hash-for-method="agentGoToLastPageButtonVerify">agentGoToLastPageButtonVerify</a> <!-- method navigator-link -->
                      </span>
                      <br/>
                      <span>
                        <img src="failed.png" width="3%"/>
                        <a href="#" panel-name="suite-All_Test_Suite" title="testCases.agentsElementVerification" class="method navigator-link" hash-for-method="agentNextButtonVerify">agentNextButtonVerify</a> <!-- method navigator-link -->
                      </span>
                      <br/>
                      <span>
                        <img src="failed.png" width="3%"/>
                        <a href="#" panel-name="suite-All_Test_Suite" title="testCases.agentsElementVerification" class="method navigator-link" hash-for-method="agentPreviousButtonVerify">agentPreviousButtonVerify</a> <!-- method navigator-link -->
                      </span>
                      <br/>
                      <span>
                        <img src="failed.png" width="3%"/>
                        <a href="#" panel-name="suite-All_Test_Suite" title="testCases.agentNegativeTestCases" class="method navigator-link" hash-for-method="duplicate_AgentsPorts">duplicate_AgentsPorts</a> <!-- method navigator-link -->
                      </span>
                      <br/>
                      <span>
                        <img src="failed.png" width="3%"/>
                        <a href="#" panel-name="suite-All_Test_Suite" title="testCases.baseImagesNegativeTestCases" class="method navigator-link" hash-for-method="enterImageDetails">enterImageDetails</a> <!-- method navigator-link -->
                      </span>
                      <br/>
                      <span>
                        <img src="failed.png" width="3%"/>
                        <a href="#" panel-name="suite-All_Test_Suite" title="testCases.agentsElementVerification" class="method navigator-link" hash-for-method="importAgentButtonVerification">importAgentButtonVerification</a> <!-- method navigator-link -->
                      </span>
                      <br/>
                      <span>
                        <img src="failed.png" width="3%"/>
                        <a href="#" panel-name="suite-All_Test_Suite" title="testCases.baseImagesElementsVerification" class="method navigator-link" hash-for-method="importImageButtonVerification">importImageButtonVerification</a> <!-- method navigator-link -->
                      </span>
                      <br/>
                      <span>
                        <img src="failed.png" width="3%"/>
                        <a href="#" panel-name="suite-All_Test_Suite" title="testCases.baseImagesElementsVerification" class="method navigator-link" hash-for-method="importImageDetails">importImageDetails</a> <!-- method navigator-link -->
                      </span>
                      <br/>
                      <span>
                        <img src="failed.png" width="3%"/>
                        <a href="#" panel-name="suite-All_Test_Suite" title="testCases.baseImagesElementsVerification" class="method navigator-link" hash-for-method="importImagePortDetailsVerify">importImagePortDetailsVerify</a> <!-- method navigator-link -->
                      </span>
                      <br/>
                      <span>
                        <img src="failed.png" width="3%"/>
                        <a href="#" panel-name="suite-All_Test_Suite" title="testCases.baseImagesElementsVerification" class="method navigator-link" hash-for-method="importImageRegistryDetails">importImageRegistryDetails</a> <!-- method navigator-link -->
                      </span>
                      <br/>
                      <span>
                        <img src="failed.png" width="3%"/>
                        <a href="#" panel-name="suite-All_Test_Suite" title="testCases.baseImagesElementsVerification" class="method navigator-link" hash-for-method="importImageReviewWizardVerify">importImageReviewWizardVerify</a> <!-- method navigator-link -->
                      </span>
                      <br/>
                      <span>
                        <img src="failed.png" width="3%"/>
                        <a href="#" panel-name="suite-All_Test_Suite" title="testCases.baseImagesNegativeTestCases" class="method navigator-link" hash-for-method="invalidCharacters_BaseImage">invalidCharacters_BaseImage</a> <!-- method navigator-link -->
                      </span>
                      <br/>
                      <span>
                        <img src="failed.png" width="3%"/>
                        <a href="#" panel-name="suite-All_Test_Suite" title="testCases.agentNegativeTestCases" class="method navigator-link" hash-for-method="maximumCharacters_Agents">maximumCharacters_Agents</a> <!-- method navigator-link -->
                      </span>
                      <br/>
                      <span>
                        <img src="failed.png" width="3%"/>
                        <a href="#" panel-name="suite-All_Test_Suite" title="testCases.baseImagesNegativeTestCases" class="method navigator-link" hash-for-method="maximumCharacters_BaseImage">maximumCharacters_BaseImage</a> <!-- method navigator-link -->
                      </span>
                      <br/>
                      <span>
                        <img src="failed.png" width="3%"/>
                        <a href="#" panel-name="suite-All_Test_Suite" title="testCases.agentNegativeTestCases" class="method navigator-link" hash-for-method="minimumCharacters_Agents">minimumCharacters_Agents</a> <!-- method navigator-link -->
                      </span>
                      <br/>
                      <span>
                        <img src="failed.png" width="3%"/>
                        <a href="#" panel-name="suite-All_Test_Suite" title="testCases.baseImagesNegativeTestCases" class="method navigator-link" hash-for-method="minimumCharacters_BaseImage">minimumCharacters_BaseImage</a> <!-- method navigator-link -->
                      </span>
                      <br/>
                      <span>
                        <img src="failed.png" width="3%"/>
                        <a href="#" panel-name="suite-All_Test_Suite" title="testCases.baseImagesNegativeTestCases" class="method navigator-link" hash-for-method="negativeScenarios_BaseImagePortName">negativeScenarios_BaseImagePortName</a> <!-- method navigator-link -->
                      </span>
                      <br/>
                      <span>
                        <img src="failed.png" width="3%"/>
                        <a href="#" panel-name="suite-All_Test_Suite" title="testCases.baseImagesNegativeTestCases" class="method navigator-link" hash-for-method="negativeScenarios_BaseImagePortNumber">negativeScenarios_BaseImagePortNumber</a> <!-- method navigator-link -->
                      </span>
                      <br/>
                      <span>
                        <img src="failed.png" width="3%"/>
                        <a href="#" panel-name="suite-All_Test_Suite" title="testCases.osImageElementsVerification" class="method navigator-link" hash-for-method="osImageButtonVerification">osImageButtonVerification</a> <!-- method navigator-link -->
                      </span>
                      <br/>
                      <span>
                        <img src="failed.png" width="3%"/>
                        <a href="#" panel-name="suite-All_Test_Suite" title="testCases.osImageElementsVerification" class="method navigator-link" hash-for-method="osImageDeleteVerify">osImageDeleteVerify</a> <!-- method navigator-link -->
                      </span>
                      <br/>
                      <span>
                        <img src="failed.png" width="3%"/>
                        <a href="#" panel-name="suite-All_Test_Suite" title="testCases.osImageElementsVerification" class="method navigator-link" hash-for-method="osImageGoToLastPageButtonVerify">osImageGoToLastPageButtonVerify</a> <!-- method navigator-link -->
                      </span>
                      <br/>
                      <span>
                        <img src="failed.png" width="3%"/>
                        <a href="#" panel-name="suite-All_Test_Suite" title="testCases.osImageElementsVerification" class="method navigator-link" hash-for-method="osImageNextButtonVerify">osImageNextButtonVerify</a> <!-- method navigator-link -->
                      </span>
                      <br/>
                      <span>
                        <img src="failed.png" width="3%"/>
                        <a href="#" panel-name="suite-All_Test_Suite" title="testCases.osImageElementsVerification" class="method navigator-link" hash-for-method="osImagePreviousButtonVerify">osImagePreviousButtonVerify</a> <!-- method navigator-link -->
                      </span>
                      <br/>
                      <span>
                        <img src="failed.png" width="3%"/>
                        <a href="#" panel-name="suite-All_Test_Suite" title="testCases.osImageElementsVerification" class="method navigator-link" hash-for-method="osImageRefreshButtonVerify">osImageRefreshButtonVerify</a> <!-- method navigator-link -->
                      </span>
                      <br/>
                      <span>
                        <img src="failed.png" width="3%"/>
                        <a href="#" panel-name="suite-All_Test_Suite" title="testCases.packageElementsVerification" class="method navigator-link" hash-for-method="packageCreateButtonVerify">packageCreateButtonVerify</a> <!-- method navigator-link -->
                      </span>
                      <br/>
                      <span>
                        <img src="failed.png" width="3%"/>
                        <a href="#" panel-name="suite-All_Test_Suite" title="testCases.packageElementsVerification" class="method navigator-link" hash-for-method="packageDeleteButtonVerify">packageDeleteButtonVerify</a> <!-- method navigator-link -->
                      </span>
                      <br/>
                      <span>
                        <img src="failed.png" width="3%"/>
                        <a href="#" panel-name="suite-All_Test_Suite" title="testCases.packageElementsVerification" class="method navigator-link" hash-for-method="packageDuplicateButtonVerify">packageDuplicateButtonVerify</a> <!-- method navigator-link -->
                      </span>
                      <br/>
                      <span>
                        <img src="failed.png" width="3%"/>
                        <a href="#" panel-name="suite-All_Test_Suite" title="testCases.packageElementsVerification" class="method navigator-link" hash-for-method="packageEditButtonVerify">packageEditButtonVerify</a> <!-- method navigator-link -->
                      </span>
                      <br/>
                      <span>
                        <img src="failed.png" width="3%"/>
                        <a href="#" panel-name="suite-All_Test_Suite" title="testCases.packageElementsVerification" class="method navigator-link" hash-for-method="packageGoToLastPageButtonVerify">packageGoToLastPageButtonVerify</a> <!-- method navigator-link -->
                      </span>
                      <br/>
                      <span>
                        <img src="failed.png" width="3%"/>
                        <a href="#" panel-name="suite-All_Test_Suite" title="testCases.packageElementsVerification" class="method navigator-link" hash-for-method="packageNextButtonVerify">packageNextButtonVerify</a> <!-- method navigator-link -->
                      </span>
                      <br/>
                      <span>
                        <img src="failed.png" width="3%"/>
                        <a href="#" panel-name="suite-All_Test_Suite" title="testCases.packageElementsVerification" class="method navigator-link" hash-for-method="packagePreviousButtonVerify">packagePreviousButtonVerify</a> <!-- method navigator-link -->
                      </span>
                      <br/>
                      <span>
                        <img src="failed.png" width="3%"/>
                        <a href="#" panel-name="suite-All_Test_Suite" title="testCases.agentNegativeTestCases" class="method navigator-link" hash-for-method="select_portType">select_portType</a> <!-- method navigator-link -->
                      </span>
                      <br/>
                      <span>
                        <img src="failed.png" width="3%"/>
                        <a href="#" panel-name="suite-All_Test_Suite" title="testCases.baseImagesElementsVerification" class="method navigator-link" hash-for-method="verifyNextButton">verifyNextButton</a> <!-- method navigator-link -->
                      </span>
                      <br/>
                    </div> <!-- method-list-content failed suite-All_Test_Suite -->
                  </li>
                  <li>
                    <span class="method-list-title skipped">Skipped methods</span>
                    <span class="show-or-hide-methods skipped">
                      <a href="#" panel-name="suite-All_Test_Suite" class="hide-methods skipped suite-All_Test_Suite"> (hide)</a> <!-- hide-methods skipped suite-All_Test_Suite -->
                      <a href="#" panel-name="suite-All_Test_Suite" class="show-methods skipped suite-All_Test_Suite"> (show)</a> <!-- show-methods skipped suite-All_Test_Suite -->
                    </span>
                    <div class="method-list-content skipped suite-All_Test_Suite">
                      <span>
                        <img src="skipped.png" width="3%"/>
                        <a href="#" panel-name="suite-All_Test_Suite" title="testCases.hyscaleLoginPageTestCase" class="method navigator-link" hash-for-method="LoginTest">LoginTest</a> <!-- method navigator-link -->
                      </span>
                      <br/>
                      <span>
                        <img src="skipped.png" width="3%"/>
                        <a href="#" panel-name="suite-All_Test_Suite" title="testCases.Infrastructure.artifactRepoElementsVerification" class="method navigator-link" hash-for-method="RefreshButtonVerification">RefreshButtonVerification</a> <!-- method navigator-link -->
                      </span>
                      <br/>
                      <span>
                        <img src="skipped.png" width="3%"/>
                        <a href="#" panel-name="suite-All_Test_Suite" title="testCases.Infrastructure.kubernetesClusterElementsVerification" class="method navigator-link" hash-for-method="SearchVerify">SearchVerify</a> <!-- method navigator-link -->
                      </span>
                      <br/>
                      <span>
                        <img src="skipped.png" width="3%"/>
                        <a href="#" panel-name="suite-All_Test_Suite" title="testCases.hyscaleLoginPageTestCase" class="method navigator-link" hash-for-method="TitleAndLogoTest">TitleAndLogoTest</a> <!-- method navigator-link -->
                      </span>
                      <br/>
                      <span>
                        <img src="skipped.png" width="3%"/>
                        <a href="#" panel-name="suite-All_Test_Suite" title="testCases.Infrastructure.artifactRepoElementsVerification" class="method navigator-link" hash-for-method="addArtifactRepoButtonVerification">addArtifactRepoButtonVerification</a> <!-- method navigator-link -->
                      </span>
                      <br/>
                      <span>
                        <img src="skipped.png" width="3%"/>
                        <a href="#" panel-name="suite-All_Test_Suite" title="testCases.Infrastructure.kubernetesClusterElementsVerification" class="method navigator-link" hash-for-method="addClusterButtonVerify">addClusterButtonVerify</a> <!-- method navigator-link -->
                      </span>
                      <br/>
                      <span>
                        <img src="skipped.png" width="3%"/>
                        <a href="#" panel-name="suite-All_Test_Suite" title="testCases.Infrastructure.artifactRepoNegativeScenarios" class="method navigator-link" hash-for-method="artifactRepoMInvalidCharacters">artifactRepoMInvalidCharacters</a> <!-- method navigator-link -->
                      </span>
                      <br/>
                      <span>
                        <img src="skipped.png" width="3%"/>
                        <a href="#" panel-name="suite-All_Test_Suite" title="testCases.Infrastructure.artifactRepoNegativeScenarios" class="method navigator-link" hash-for-method="artifactRepoMaxCharacters">artifactRepoMaxCharacters</a> <!-- method navigator-link -->
                      </span>
                      <br/>
                      <span>
                        <img src="skipped.png" width="3%"/>
                        <a href="#" panel-name="suite-All_Test_Suite" title="testCases.Infrastructure.artifactRepoNegativeScenarios" class="method navigator-link" hash-for-method="artifactRepoMinCharacters">artifactRepoMinCharacters</a> <!-- method navigator-link -->
                      </span>
                      <br/>
                      <span>
                        <img src="skipped.png" width="3%"/>
                        <a href="#" panel-name="suite-All_Test_Suite" title="testCases.Infrastructure.artifactRepoElementsVerification" class="method navigator-link" hash-for-method="deleteButtonVerification">deleteButtonVerification</a> <!-- method navigator-link -->
                      </span>
                      <br/>
                      <span>
                        <img src="skipped.png" width="3%"/>
                        <a href="#" panel-name="suite-All_Test_Suite" title="testCases.Infrastructure.kubernetesClusterElementsVerification" class="method navigator-link" hash-for-method="deleteClusterButtonVerify">deleteClusterButtonVerify</a> <!-- method navigator-link -->
                      </span>
                      <br/>
                      <span>
                        <img src="skipped.png" width="3%"/>
                        <a href="#" panel-name="suite-All_Test_Suite" title="testCases.Infrastructure.kubernetesClusterElementsVerification" class="method navigator-link" hash-for-method="deployedEnvironments">deployedEnvironments</a> <!-- method navigator-link -->
                      </span>
                      <br/>
                      <span>
                        <img src="skipped.png" width="3%"/>
                        <a href="#" panel-name="suite-All_Test_Suite" title="testCases.Infrastructure.artifactRepoElementsVerification" class="method navigator-link" hash-for-method="editButtonVerification">editButtonVerification</a> <!-- method navigator-link -->
                      </span>
                      <br/>
                      <span>
                        <img src="skipped.png" width="3%"/>
                        <a href="#" panel-name="suite-All_Test_Suite" title="testCases.Infrastructure.kubernetesClusterElementsVerification" class="method navigator-link" hash-for-method="editClusterButtonVerify">editClusterButtonVerify</a> <!-- method navigator-link -->
                      </span>
                      <br/>
                      <span>
                        <img src="skipped.png" width="3%"/>
                        <a href="#" panel-name="suite-All_Test_Suite" title="testCases.Infrastructure.clusterAlertMsgTestCases" class="method navigator-link" hash-for-method="messageValidations_IfTextIsNotEntered">messageValidations_IfTextIsNotEntered</a> <!-- method navigator-link -->
                      </span>
                      <br/>
                      <span>
                        <img src="skipped.png" width="3%"/>
                        <a href="#" panel-name="suite-All_Test_Suite" title="testCases.osImageTestCases" class="method navigator-link" hash-for-method="osImageInvalidCharactersValidation">osImageInvalidCharactersValidation</a> <!-- method navigator-link -->
                      </span>
                      <br/>
                      <span>
                        <img src="skipped.png" width="3%"/>
                        <a href="#" panel-name="suite-All_Test_Suite" title="testCases.osImageTestCases" class="method navigator-link" hash-for-method="osImageMaxCharactersValidation">osImageMaxCharactersValidation</a> <!-- method navigator-link -->
                      </span>
                      <br/>
                      <span>
                        <img src="skipped.png" width="3%"/>
                        <a href="#" panel-name="suite-All_Test_Suite" title="testCases.osImageTestCases" class="method navigator-link" hash-for-method="osImageMinCharactersValidation">osImageMinCharactersValidation</a> <!-- method navigator-link -->
                      </span>
                      <br/>
                      <span>
                        <img src="skipped.png" width="3%"/>
                        <a href="#" panel-name="suite-All_Test_Suite" title="testCases.PackageNegativeTestCases" class="method navigator-link" hash-for-method="packageLevelInvalidCharacters">packageLevelInvalidCharacters</a> <!-- method navigator-link -->
                      </span>
                      <br/>
                      <span>
                        <img src="skipped.png" width="3%"/>
                        <a href="#" panel-name="suite-All_Test_Suite" title="testCases.PackageNegativeTestCases" class="method navigator-link" hash-for-method="packageLevelMinimumCharacters">packageLevelMinimumCharacters</a> <!-- method navigator-link -->
                      </span>
                      <br/>
                      <span>
                        <img src="skipped.png" width="3%"/>
                        <a href="#" panel-name="suite-All_Test_Suite" title="testCases.PackageNegativeTestCases" class="method navigator-link" hash-for-method="packageLevelPortValidations">packageLevelPortValidations</a> <!-- method navigator-link -->
                      </span>
                      <br/>
                      <span>
                        <img src="skipped.png" width="3%"/>
                        <a href="#" panel-name="suite-All_Test_Suite" title="testCases.PackageNegativeTestCases" class="method navigator-link" hash-for-method="packagePortNameValidations">packagePortNameValidations</a> <!-- method navigator-link -->
                      </span>
                      <br/>
                      <span>
                        <img src="skipped.png" width="3%"/>
                        <a href="#" panel-name="suite-All_Test_Suite" title="testCases.Infrastructure.kubernetesClusterElementsVerification" class="method navigator-link" hash-for-method="refreshButtonVerify">refreshButtonVerify</a> <!-- method navigator-link -->
                      </span>
                      <br/>
                      <span>
                        <img src="skipped.png" width="3%"/>
                        <a href="#" panel-name="suite-All_Test_Suite" title="testCases.Infrastructure.kubernetesClusterElementsVerification" class="method navigator-link" hash-for-method="scanClusterButtonVerify">scanClusterButtonVerify</a> <!-- method navigator-link -->
                      </span>
                      <br/>
                      <span>
                        <img src="skipped.png" width="3%"/>
                        <a href="#" panel-name="suite-All_Test_Suite" title="testCases.Infrastructure.artifactRepoElementsVerification" class="method navigator-link" hash-for-method="searchArtifactRepo">searchArtifactRepo</a> <!-- method navigator-link -->
                      </span>
                      <br/>
                      <span>
                        <img src="skipped.png" width="3%"/>
                        <a href="#" panel-name="suite-All_Test_Suite" title="testCases.Infrastructure.artifactRepoNegativeScenarios" class="method navigator-link" hash-for-method="verifySaveAndTestButton_beforeEnteringDetails">verifySaveAndTestButton_beforeEnteringDetails</a> <!-- method navigator-link -->
                      </span>
                      <br/>
                      <span>
                        <img src="skipped.png" width="3%"/>
                        <a href="#" panel-name="suite-All_Test_Suite" title="testCases.Infrastructure.clusterAlertMsgTestCases" class="method navigator-link" hash-for-method="wrongApiServer_AlertMsg">wrongApiServer_AlertMsg</a> <!-- method navigator-link -->
                      </span>
                      <br/>
                    </div> <!-- method-list-content skipped suite-All_Test_Suite -->
                  </li>
                </ul>
              </div> <!-- suite-section-content -->
            </div> <!-- result-section -->
          </div> <!-- navigator-suite-content -->
        </div> <!-- rounded-window -->
      </div> <!-- suite -->
    </div> <!-- navigator-root -->
    <div class="wrapper">
      <div class="main-panel-root">
        <div panel-name="suite-All_Test_Suite" class="panel All_Test_Suite">
          <div class="suite-All_Test_Suite-class-failed">
            <div class="main-panel-header rounded-window-top">
              <img src="failed.png"/>
              <span class="class-name">testCases.agentsElementVerification</span>
            </div> <!-- main-panel-header rounded-window-top -->
            <div class="main-panel-content rounded-window-bottom">
              <div class="method">
                <div class="method-content">
                  <a name="AgentDeleteVerify">
                  </a> <!-- AgentDeleteVerify -->
                  <span class="method-name">AgentDeleteVerify</span>
                  <div class="stack-trace">java.lang.NullPointerException
	at testCases.agentsElementVerification.AgentDeleteVerify(agentsElementVerification.java:44)
	at java.base/java.util.ArrayList.forEach(ArrayList.java:1541)
	at java.base/java.util.concurrent.FutureTask.run(FutureTask.java:264)
	at java.base/java.util.concurrent.ThreadPoolExecutor.runWorker(ThreadPoolExecutor.java:1128)
	at java.base/java.util.concurrent.ThreadPoolExecutor$Worker.run(ThreadPoolExecutor.java:628)
	at java.base/java.lang.Thread.run(Thread.java:834)
... Removed 18 stack frames
</div> <!-- stack-trace -->
                </div> <!-- method-content -->
              </div> <!-- method -->
              <div class="method">
                <div class="method-content">
                  <a name="agentGoToLastPageButtonVerify">
                  </a> <!-- agentGoToLastPageButtonVerify -->
                  <span class="method-name">agentGoToLastPageButtonVerify</span>
                  <div class="stack-trace">java.lang.NullPointerException
	at testCases.agentsElementVerification.agentGoToLastPageButtonVerify(agentsElementVerification.java:66)
	at java.base/java.util.ArrayList.forEach(ArrayList.java:1541)
	at java.base/java.util.concurrent.FutureTask.run(FutureTask.java:264)
	at java.base/java.util.concurrent.ThreadPoolExecutor.runWorker(ThreadPoolExecutor.java:1128)
	at java.base/java.util.concurrent.ThreadPoolExecutor$Worker.run(ThreadPoolExecutor.java:628)
	at java.base/java.lang.Thread.run(Thread.java:834)
... Removed 18 stack frames
</div> <!-- stack-trace -->
                </div> <!-- method-content -->
              </div> <!-- method -->
              <div class="method">
                <div class="method-content">
                  <a name="agentNextButtonVerify">
                  </a> <!-- agentNextButtonVerify -->
                  <span class="method-name">agentNextButtonVerify</span>
                  <div class="stack-trace">java.lang.NullPointerException
	at testCases.agentsElementVerification.agentNextButtonVerify(agentsElementVerification.java:52)
	at java.base/java.util.ArrayList.forEach(ArrayList.java:1541)
	at java.base/java.util.concurrent.FutureTask.run(FutureTask.java:264)
	at java.base/java.util.concurrent.ThreadPoolExecutor.runWorker(ThreadPoolExecutor.java:1128)
	at java.base/java.util.concurrent.ThreadPoolExecutor$Worker.run(ThreadPoolExecutor.java:628)
	at java.base/java.lang.Thread.run(Thread.java:834)
... Removed 18 stack frames
</div> <!-- stack-trace -->
                </div> <!-- method-content -->
              </div> <!-- method -->
              <div class="method">
                <div class="method-content">
                  <a name="agentPreviousButtonVerify">
                  </a> <!-- agentPreviousButtonVerify -->
                  <span class="method-name">agentPreviousButtonVerify</span>
                  <div class="stack-trace">java.lang.NullPointerException
	at testCases.agentsElementVerification.agentPreviousButtonVerify(agentsElementVerification.java:80)
	at java.base/java.util.ArrayList.forEach(ArrayList.java:1541)
	at java.base/java.util.concurrent.FutureTask.run(FutureTask.java:264)
	at java.base/java.util.concurrent.ThreadPoolExecutor.runWorker(ThreadPoolExecutor.java:1128)
	at java.base/java.util.concurrent.ThreadPoolExecutor$Worker.run(ThreadPoolExecutor.java:628)
	at java.base/java.lang.Thread.run(Thread.java:834)
... Removed 18 stack frames
</div> <!-- stack-trace -->
                </div> <!-- method-content -->
              </div> <!-- method -->
              <div class="method">
                <div class="method-content">
                  <a name="importAgentButtonVerification">
                  </a> <!-- importAgentButtonVerification -->
                  <span class="method-name">importAgentButtonVerification</span>
                  <div class="stack-trace">java.lang.NullPointerException
	at pages.common.&lt;init&gt;(common.java:19)
	at pages.agentPageObjects.&lt;init&gt;(agentPageObjects.java:15)
	at testCases.agentsElementVerification.importAgentButtonVerification(agentsElementVerification.java:32)
	at java.base/java.util.ArrayList.forEach(ArrayList.java:1541)
	at java.base/java.util.concurrent.FutureTask.run(FutureTask.java:264)
	at java.base/java.util.concurrent.ThreadPoolExecutor.runWorker(ThreadPoolExecutor.java:1128)
	at java.base/java.util.concurrent.ThreadPoolExecutor$Worker.run(ThreadPoolExecutor.java:628)
	at java.base/java.lang.Thread.run(Thread.java:834)
... Removed 18 stack frames
</div> <!-- stack-trace -->
                </div> <!-- method-content -->
              </div> <!-- method -->
            </div> <!-- main-panel-content rounded-window-bottom -->
          </div> <!-- suite-All_Test_Suite-class-failed -->
          <div class="suite-All_Test_Suite-class-failed">
            <div class="main-panel-header rounded-window-top">
              <img src="failed.png"/>
              <span class="class-name">testCases.osImageElementsVerification</span>
            </div> <!-- main-panel-header rounded-window-top -->
            <div class="main-panel-content rounded-window-bottom">
              <div class="method">
                <div class="method-content">
                  <a name="osImageButtonVerification">
                  </a> <!-- osImageButtonVerification -->
                  <span class="method-name">osImageButtonVerification</span>
                  <div class="stack-trace">java.lang.NullPointerException
	at pages.common.&lt;init&gt;(common.java:19)
	at pages.osImagePageObjects.&lt;init&gt;(osImagePageObjects.java:18)
	at testCases.osImageElementsVerification.osImageButtonVerification(osImageElementsVerification.java:30)
	at java.base/java.util.ArrayList.forEach(ArrayList.java:1541)
	at java.base/java.util.concurrent.FutureTask.run(FutureTask.java:264)
	at java.base/java.util.concurrent.ThreadPoolExecutor.runWorker(ThreadPoolExecutor.java:1128)
	at java.base/java.util.concurrent.ThreadPoolExecutor$Worker.run(ThreadPoolExecutor.java:628)
	at java.base/java.lang.Thread.run(Thread.java:834)
... Removed 18 stack frames
</div> <!-- stack-trace -->
                </div> <!-- method-content -->
              </div> <!-- method -->
              <div class="method">
                <div class="method-content">
                  <a name="osImageDeleteVerify">
                  </a> <!-- osImageDeleteVerify -->
                  <span class="method-name">osImageDeleteVerify</span>
                  <div class="stack-trace">java.lang.NullPointerException
	at testCases.osImageElementsVerification.osImageDeleteVerify(osImageElementsVerification.java:41)
	at java.base/java.util.ArrayList.forEach(ArrayList.java:1541)
	at java.base/java.util.concurrent.FutureTask.run(FutureTask.java:264)
	at java.base/java.util.concurrent.ThreadPoolExecutor.runWorker(ThreadPoolExecutor.java:1128)
	at java.base/java.util.concurrent.ThreadPoolExecutor$Worker.run(ThreadPoolExecutor.java:628)
	at java.base/java.lang.Thread.run(Thread.java:834)
... Removed 18 stack frames
</div> <!-- stack-trace -->
                </div> <!-- method-content -->
              </div> <!-- method -->
              <div class="method">
                <div class="method-content">
                  <a name="osImageGoToLastPageButtonVerify">
                  </a> <!-- osImageGoToLastPageButtonVerify -->
                  <span class="method-name">osImageGoToLastPageButtonVerify</span>
                  <div class="stack-trace">java.lang.NullPointerException
	at testCases.osImageElementsVerification.osImageGoToLastPageButtonVerify(osImageElementsVerification.java:67)
	at java.base/java.util.ArrayList.forEach(ArrayList.java:1541)
	at java.base/java.util.concurrent.FutureTask.run(FutureTask.java:264)
	at java.base/java.util.concurrent.ThreadPoolExecutor.runWorker(ThreadPoolExecutor.java:1128)
	at java.base/java.util.concurrent.ThreadPoolExecutor$Worker.run(ThreadPoolExecutor.java:628)
	at java.base/java.lang.Thread.run(Thread.java:834)
... Removed 18 stack frames
</div> <!-- stack-trace -->
                </div> <!-- method-content -->
              </div> <!-- method -->
              <div class="method">
                <div class="method-content">
                  <a name="osImageNextButtonVerify">
                  </a> <!-- osImageNextButtonVerify -->
                  <span class="method-name">osImageNextButtonVerify</span>
                  <div class="stack-trace">java.lang.NullPointerException
	at testCases.osImageElementsVerification.osImageNextButtonVerify(osImageElementsVerification.java:58)
	at java.base/java.util.ArrayList.forEach(ArrayList.java:1541)
	at java.base/java.util.concurrent.FutureTask.run(FutureTask.java:264)
	at java.base/java.util.concurrent.ThreadPoolExecutor.runWorker(ThreadPoolExecutor.java:1128)
	at java.base/java.util.concurrent.ThreadPoolExecutor$Worker.run(ThreadPoolExecutor.java:628)
	at java.base/java.lang.Thread.run(Thread.java:834)
... Removed 18 stack frames
</div> <!-- stack-trace -->
                </div> <!-- method-content -->
              </div> <!-- method -->
              <div class="method">
                <div class="method-content">
                  <a name="osImagePreviousButtonVerify">
                  </a> <!-- osImagePreviousButtonVerify -->
                  <span class="method-name">osImagePreviousButtonVerify</span>
                  <div class="stack-trace">java.lang.NullPointerException
	at testCases.osImageElementsVerification.osImagePreviousButtonVerify(osImageElementsVerification.java:77)
	at java.base/java.util.ArrayList.forEach(ArrayList.java:1541)
	at java.base/java.util.concurrent.FutureTask.run(FutureTask.java:264)
	at java.base/java.util.concurrent.ThreadPoolExecutor.runWorker(ThreadPoolExecutor.java:1128)
	at java.base/java.util.concurrent.ThreadPoolExecutor$Worker.run(ThreadPoolExecutor.java:628)
	at java.base/java.lang.Thread.run(Thread.java:834)
... Removed 18 stack frames
</div> <!-- stack-trace -->
                </div> <!-- method-content -->
              </div> <!-- method -->
              <div class="method">
                <div class="method-content">
                  <a name="osImageRefreshButtonVerify">
                  </a> <!-- osImageRefreshButtonVerify -->
                  <span class="method-name">osImageRefreshButtonVerify</span>
                  <div class="stack-trace">java.lang.NullPointerException
	at testCases.osImageElementsVerification.osImageRefreshButtonVerify(osImageElementsVerification.java:87)
	at java.base/java.util.ArrayList.forEach(ArrayList.java:1541)
	at java.base/java.util.concurrent.FutureTask.run(FutureTask.java:264)
	at java.base/java.util.concurrent.ThreadPoolExecutor.runWorker(ThreadPoolExecutor.java:1128)
	at java.base/java.util.concurrent.ThreadPoolExecutor$Worker.run(ThreadPoolExecutor.java:628)
	at java.base/java.lang.Thread.run(Thread.java:834)
... Removed 18 stack frames
</div> <!-- stack-trace -->
                </div> <!-- method-content -->
              </div> <!-- method -->
            </div> <!-- main-panel-content rounded-window-bottom -->
          </div> <!-- suite-All_Test_Suite-class-failed -->
          <div class="suite-All_Test_Suite-class-failed">
            <div class="main-panel-header rounded-window-top">
              <img src="failed.png"/>
              <span class="class-name">testCases.baseImagesElementsVerification</span>
            </div> <!-- main-panel-header rounded-window-top -->
            <div class="main-panel-content rounded-window-bottom">
              <div class="method">
                <div class="method-content">
                  <a name="ImageFilterVerification">
                  </a> <!-- ImageFilterVerification -->
                  <span class="method-name">ImageFilterVerification</span>
                  <div class="stack-trace">java.lang.NullPointerException
	at testCases.baseImagesElementsVerification.ImageFilterVerification(baseImagesElementsVerification.java:133)
	at java.base/java.util.ArrayList.forEach(ArrayList.java:1541)
	at java.base/java.util.concurrent.FutureTask.run(FutureTask.java:264)
	at java.base/java.util.concurrent.ThreadPoolExecutor.runWorker(ThreadPoolExecutor.java:1128)
	at java.base/java.util.concurrent.ThreadPoolExecutor$Worker.run(ThreadPoolExecutor.java:628)
	at java.base/java.lang.Thread.run(Thread.java:834)
... Removed 18 stack frames
</div> <!-- stack-trace -->
                </div> <!-- method-content -->
              </div> <!-- method -->
              <div class="method">
                <div class="method-content">
                  <a name="VerifyConfirmButton">
                  </a> <!-- VerifyConfirmButton -->
                  <span class="method-name">VerifyConfirmButton</span>
                  <div class="stack-trace">java.lang.NullPointerException
	at testCases.baseImagesElementsVerification.VerifyConfirmButton(baseImagesElementsVerification.java:106)
	at java.base/java.util.ArrayList.forEach(ArrayList.java:1541)
	at java.base/java.util.concurrent.FutureTask.run(FutureTask.java:264)
	at java.base/java.util.concurrent.ThreadPoolExecutor.runWorker(ThreadPoolExecutor.java:1128)
	at java.base/java.util.concurrent.ThreadPoolExecutor$Worker.run(ThreadPoolExecutor.java:628)
	at java.base/java.lang.Thread.run(Thread.java:834)
... Removed 18 stack frames
</div> <!-- stack-trace -->
                </div> <!-- method-content -->
              </div> <!-- method -->
              <div class="method">
                <div class="method-content">
                  <a name="importImageButtonVerification">
                  </a> <!-- importImageButtonVerification -->
                  <span class="method-name">importImageButtonVerification</span>
                  <div class="stack-trace">java.lang.NullPointerException
	at pages.common.&lt;init&gt;(common.java:19)
	at pages.baseImagePageObjects.&lt;init&gt;(baseImagePageObjects.java:60)
	at testCases.baseImagesElementsVerification.importImageButtonVerification(baseImagesElementsVerification.java:30)
	at java.base/java.util.ArrayList.forEach(ArrayList.java:1541)
	at java.base/java.util.concurrent.FutureTask.run(FutureTask.java:264)
	at java.base/java.util.concurrent.ThreadPoolExecutor.runWorker(ThreadPoolExecutor.java:1128)
	at java.base/java.util.concurrent.ThreadPoolExecutor$Worker.run(ThreadPoolExecutor.java:628)
	at java.base/java.lang.Thread.run(Thread.java:834)
... Removed 18 stack frames
</div> <!-- stack-trace -->
                </div> <!-- method-content -->
              </div> <!-- method -->
              <div class="method">
                <div class="method-content">
                  <a name="importImageDetails">
                  </a> <!-- importImageDetails -->
                  <span class="method-name">importImageDetails</span>
                  <div class="stack-trace">java.lang.NullPointerException
	at testCases.baseImagesElementsVerification.importImageDetails(baseImagesElementsVerification.java:49)
	at java.base/java.util.ArrayList.forEach(ArrayList.java:1541)
	at java.base/java.util.concurrent.FutureTask.run(FutureTask.java:264)
	at java.base/java.util.concurrent.ThreadPoolExecutor.runWorker(ThreadPoolExecutor.java:1128)
	at java.base/java.util.concurrent.ThreadPoolExecutor$Worker.run(ThreadPoolExecutor.java:628)
	at java.base/java.lang.Thread.run(Thread.java:834)
... Removed 18 stack frames
</div> <!-- stack-trace -->
                </div> <!-- method-content -->
              </div> <!-- method -->
              <div class="method">
                <div class="method-content">
                  <a name="importImagePortDetailsVerify">
                  </a> <!-- importImagePortDetailsVerify -->
                  <span class="method-name">importImagePortDetailsVerify</span>
                  <div class="stack-trace">java.lang.NullPointerException
	at testCases.baseImagesElementsVerification.importImagePortDetailsVerify(baseImagesElementsVerification.java:73)
	at java.base/java.util.ArrayList.forEach(ArrayList.java:1541)
	at java.base/java.util.concurrent.FutureTask.run(FutureTask.java:264)
	at java.base/java.util.concurrent.ThreadPoolExecutor.runWorker(ThreadPoolExecutor.java:1128)
	at java.base/java.util.concurrent.ThreadPoolExecutor$Worker.run(ThreadPoolExecutor.java:628)
	at java.base/java.lang.Thread.run(Thread.java:834)
... Removed 18 stack frames
</div> <!-- stack-trace -->
                </div> <!-- method-content -->
              </div> <!-- method -->
              <div class="method">
                <div class="method-content">
                  <a name="importImageRegistryDetails">
                  </a> <!-- importImageRegistryDetails -->
                  <span class="method-name">importImageRegistryDetails</span>
                  <div class="stack-trace">java.lang.NullPointerException
	at testCases.baseImagesElementsVerification.importImageRegistryDetails(baseImagesElementsVerification.java:59)
	at java.base/java.util.ArrayList.forEach(ArrayList.java:1541)
	at java.base/java.util.concurrent.FutureTask.run(FutureTask.java:264)
	at java.base/java.util.concurrent.ThreadPoolExecutor.runWorker(ThreadPoolExecutor.java:1128)
	at java.base/java.util.concurrent.ThreadPoolExecutor$Worker.run(ThreadPoolExecutor.java:628)
	at java.base/java.lang.Thread.run(Thread.java:834)
... Removed 18 stack frames
</div> <!-- stack-trace -->
                </div> <!-- method-content -->
              </div> <!-- method -->
              <div class="method">
                <div class="method-content">
                  <a name="importImageReviewWizardVerify">
                  </a> <!-- importImageReviewWizardVerify -->
                  <span class="method-name">importImageReviewWizardVerify</span>
                  <div class="stack-trace">java.lang.NullPointerException
	at testCases.baseImagesElementsVerification.importImageReviewWizardVerify(baseImagesElementsVerification.java:94)
	at java.base/java.util.ArrayList.forEach(ArrayList.java:1541)
	at java.base/java.util.concurrent.FutureTask.run(FutureTask.java:264)
	at java.base/java.util.concurrent.ThreadPoolExecutor.runWorker(ThreadPoolExecutor.java:1128)
	at java.base/java.util.concurrent.ThreadPoolExecutor$Worker.run(ThreadPoolExecutor.java:628)
	at java.base/java.lang.Thread.run(Thread.java:834)
... Removed 18 stack frames
</div> <!-- stack-trace -->
                </div> <!-- method-content -->
              </div> <!-- method -->
              <div class="method">
                <div class="method-content">
                  <a name="verifyNextButton">
                  </a> <!-- verifyNextButton -->
                  <span class="method-name">verifyNextButton</span>
                  <div class="stack-trace">java.lang.NullPointerException
	at testCases.baseImagesElementsVerification.verifyNextButton(baseImagesElementsVerification.java:43)
	at java.base/java.util.ArrayList.forEach(ArrayList.java:1541)
	at java.base/java.util.concurrent.FutureTask.run(FutureTask.java:264)
	at java.base/java.util.concurrent.ThreadPoolExecutor.runWorker(ThreadPoolExecutor.java:1128)
	at java.base/java.util.concurrent.ThreadPoolExecutor$Worker.run(ThreadPoolExecutor.java:628)
	at java.base/java.lang.Thread.run(Thread.java:834)
... Removed 18 stack frames
</div> <!-- stack-trace -->
                </div> <!-- method-content -->
              </div> <!-- method -->
            </div> <!-- main-panel-content rounded-window-bottom -->
          </div> <!-- suite-All_Test_Suite-class-failed -->
          <div class="suite-All_Test_Suite-class-failed">
            <div class="main-panel-header rounded-window-top">
              <img src="failed.png"/>
              <span class="class-name">testCases.baseImagesNegativeTestCases</span>
            </div> <!-- main-panel-header rounded-window-top -->
            <div class="main-panel-content rounded-window-bottom">
              <div class="method">
                <div class="method-content">
                  <a name="enterImageDetails">
                  </a> <!-- enterImageDetails -->
                  <span class="method-name">enterImageDetails</span>
                  <div class="stack-trace">java.lang.NullPointerException
	at testCases.baseImagesNegativeTestCases.enterImageDetails(baseImagesNegativeTestCases.java:89)
	at java.base/java.util.ArrayList.forEach(ArrayList.java:1541)
	at java.base/java.util.concurrent.FutureTask.run(FutureTask.java:264)
	at java.base/java.util.concurrent.ThreadPoolExecutor.runWorker(ThreadPoolExecutor.java:1128)
	at java.base/java.util.concurrent.ThreadPoolExecutor$Worker.run(ThreadPoolExecutor.java:628)
	at java.base/java.lang.Thread.run(Thread.java:834)
... Removed 18 stack frames
</div> <!-- stack-trace -->
                </div> <!-- method-content -->
              </div> <!-- method -->
              <div class="method">
                <div class="method-content">
                  <a name="invalidCharacters_BaseImage">
                  </a> <!-- invalidCharacters_BaseImage -->
                  <span class="method-name">invalidCharacters_BaseImage</span>
                  <div class="stack-trace">java.lang.NullPointerException
	at testCases.baseImagesNegativeTestCases.invalidCharacters_BaseImage(baseImagesNegativeTestCases.java:67)
	at java.base/java.util.ArrayList.forEach(ArrayList.java:1541)
	at java.base/java.util.concurrent.FutureTask.run(FutureTask.java:264)
	at java.base/java.util.concurrent.ThreadPoolExecutor.runWorker(ThreadPoolExecutor.java:1128)
	at java.base/java.util.concurrent.ThreadPoolExecutor$Worker.run(ThreadPoolExecutor.java:628)
	at java.base/java.lang.Thread.run(Thread.java:834)
... Removed 18 stack frames
</div> <!-- stack-trace -->
                </div> <!-- method-content -->
              </div> <!-- method -->
              <div class="method">
                <div class="method-content">
                  <a name="maximumCharacters_BaseImage">
                  </a> <!-- maximumCharacters_BaseImage -->
                  <span class="method-name">maximumCharacters_BaseImage</span>
                  <div class="stack-trace">java.lang.NullPointerException
	at pages.common.&lt;init&gt;(common.java:19)
	at pages.baseImagePageObjects.&lt;init&gt;(baseImagePageObjects.java:60)
	at testCases.baseImagesNegativeTestCases.maximumCharacters_BaseImage(baseImagesNegativeTestCases.java:32)
	at java.base/java.util.ArrayList.forEach(ArrayList.java:1541)
	at java.base/java.util.concurrent.FutureTask.run(FutureTask.java:264)
	at java.base/java.util.concurrent.ThreadPoolExecutor.runWorker(ThreadPoolExecutor.java:1128)
	at java.base/java.util.concurrent.ThreadPoolExecutor$Worker.run(ThreadPoolExecutor.java:628)
	at java.base/java.lang.Thread.run(Thread.java:834)
... Removed 18 stack frames
</div> <!-- stack-trace -->
                </div> <!-- method-content -->
              </div> <!-- method -->
              <div class="method">
                <div class="method-content">
                  <a name="minimumCharacters_BaseImage">
                  </a> <!-- minimumCharacters_BaseImage -->
                  <span class="method-name">minimumCharacters_BaseImage</span>
                  <div class="stack-trace">java.lang.NullPointerException
	at testCases.baseImagesNegativeTestCases.minimumCharacters_BaseImage(baseImagesNegativeTestCases.java:55)
	at java.base/java.util.ArrayList.forEach(ArrayList.java:1541)
	at java.base/java.util.concurrent.FutureTask.run(FutureTask.java:264)
	at java.base/java.util.concurrent.ThreadPoolExecutor.runWorker(ThreadPoolExecutor.java:1128)
	at java.base/java.util.concurrent.ThreadPoolExecutor$Worker.run(ThreadPoolExecutor.java:628)
	at java.base/java.lang.Thread.run(Thread.java:834)
... Removed 18 stack frames
</div> <!-- stack-trace -->
                </div> <!-- method-content -->
              </div> <!-- method -->
              <div class="method">
                <div class="method-content">
                  <a name="negativeScenarios_BaseImagePortName">
                  </a> <!-- negativeScenarios_BaseImagePortName -->
                  <span class="method-name">negativeScenarios_BaseImagePortName</span>
                  <div class="stack-trace">java.lang.NullPointerException
	at testCases.baseImagesNegativeTestCases.negativeScenarios_BaseImagePortName(baseImagesNegativeTestCases.java:98)
	at java.base/java.util.ArrayList.forEach(ArrayList.java:1541)
	at java.base/java.util.concurrent.FutureTask.run(FutureTask.java:264)
	at java.base/java.util.concurrent.ThreadPoolExecutor.runWorker(ThreadPoolExecutor.java:1128)
	at java.base/java.util.concurrent.ThreadPoolExecutor$Worker.run(ThreadPoolExecutor.java:628)
	at java.base/java.lang.Thread.run(Thread.java:834)
... Removed 18 stack frames
</div> <!-- stack-trace -->
                </div> <!-- method-content -->
              </div> <!-- method -->
              <div class="method">
                <div class="method-content">
                  <a name="negativeScenarios_BaseImagePortNumber">
                  </a> <!-- negativeScenarios_BaseImagePortNumber -->
                  <span class="method-name">negativeScenarios_BaseImagePortNumber</span>
                  <div class="stack-trace">java.lang.NullPointerException
	at testCases.baseImagesNegativeTestCases.negativeScenarios_BaseImagePortNumber(baseImagesNegativeTestCases.java:116)
	at java.base/java.util.ArrayList.forEach(ArrayList.java:1541)
	at java.base/java.util.concurrent.FutureTask.run(FutureTask.java:264)
	at java.base/java.util.concurrent.ThreadPoolExecutor.runWorker(ThreadPoolExecutor.java:1128)
	at java.base/java.util.concurrent.ThreadPoolExecutor$Worker.run(ThreadPoolExecutor.java:628)
	at java.base/java.lang.Thread.run(Thread.java:834)
... Removed 18 stack frames
</div> <!-- stack-trace -->
                </div> <!-- method-content -->
              </div> <!-- method -->
            </div> <!-- main-panel-content rounded-window-bottom -->
          </div> <!-- suite-All_Test_Suite-class-failed -->
          <div class="suite-All_Test_Suite-class-failed">
            <div class="main-panel-header rounded-window-top">
              <img src="failed.png"/>
              <span class="class-name">testCases.packageElementsVerification</span>
            </div> <!-- main-panel-header rounded-window-top -->
            <div class="main-panel-content rounded-window-bottom">
              <div class="method">
                <div class="method-content">
                  <a name="packageCreateButtonVerify">
                  </a> <!-- packageCreateButtonVerify -->
                  <span class="method-name">packageCreateButtonVerify</span>
                  <div class="stack-trace">java.lang.NullPointerException
	at pages.common.&lt;init&gt;(common.java:19)
	at pages.packagesPageObjects.&lt;init&gt;(packagesPageObjects.java:152)
	at testCases.packageElementsVerification.packageCreateButtonVerify(packageElementsVerification.java:29)
	at java.base/java.util.ArrayList.forEach(ArrayList.java:1541)
	at java.base/java.util.concurrent.FutureTask.run(FutureTask.java:264)
	at java.base/java.util.concurrent.ThreadPoolExecutor.runWorker(ThreadPoolExecutor.java:1128)
	at java.base/java.util.concurrent.ThreadPoolExecutor$Worker.run(ThreadPoolExecutor.java:628)
	at java.base/java.lang.Thread.run(Thread.java:834)
... Removed 18 stack frames
</div> <!-- stack-trace -->
                </div> <!-- method-content -->
              </div> <!-- method -->
              <div class="method">
                <div class="method-content">
                  <a name="packageDeleteButtonVerify">
                  </a> <!-- packageDeleteButtonVerify -->
                  <span class="method-name">packageDeleteButtonVerify</span>
                  <div class="stack-trace">java.lang.NullPointerException
	at pages.common.&lt;init&gt;(common.java:19)
	at pages.packagesPageObjects.&lt;init&gt;(packagesPageObjects.java:152)
	at testCases.packageElementsVerification.packageDeleteButtonVerify(packageElementsVerification.java:49)
	at java.base/java.util.ArrayList.forEach(ArrayList.java:1541)
	at java.base/java.util.concurrent.FutureTask.run(FutureTask.java:264)
	at java.base/java.util.concurrent.ThreadPoolExecutor.runWorker(ThreadPoolExecutor.java:1128)
	at java.base/java.util.concurrent.ThreadPoolExecutor$Worker.run(ThreadPoolExecutor.java:628)
	at java.base/java.lang.Thread.run(Thread.java:834)
... Removed 18 stack frames
</div> <!-- stack-trace -->
                </div> <!-- method-content -->
              </div> <!-- method -->
              <div class="method">
                <div class="method-content">
                  <a name="packageDuplicateButtonVerify">
                  </a> <!-- packageDuplicateButtonVerify -->
                  <span class="method-name">packageDuplicateButtonVerify</span>
                  <div class="stack-trace">java.lang.NullPointerException
	at pages.common.&lt;init&gt;(common.java:19)
	at pages.packagesPageObjects.&lt;init&gt;(packagesPageObjects.java:152)
	at testCases.packageElementsVerification.packageDuplicateButtonVerify(packageElementsVerification.java:60)
	at java.base/java.util.ArrayList.forEach(ArrayList.java:1541)
	at java.base/java.util.concurrent.FutureTask.run(FutureTask.java:264)
	at java.base/java.util.concurrent.ThreadPoolExecutor.runWorker(ThreadPoolExecutor.java:1128)
	at java.base/java.util.concurrent.ThreadPoolExecutor$Worker.run(ThreadPoolExecutor.java:628)
	at java.base/java.lang.Thread.run(Thread.java:834)
... Removed 18 stack frames
</div> <!-- stack-trace -->
                </div> <!-- method-content -->
              </div> <!-- method -->
              <div class="method">
                <div class="method-content">
                  <a name="packageEditButtonVerify">
                  </a> <!-- packageEditButtonVerify -->
                  <span class="method-name">packageEditButtonVerify</span>
                  <div class="stack-trace">java.lang.NullPointerException
	at pages.common.&lt;init&gt;(common.java:19)
	at pages.packagesPageObjects.&lt;init&gt;(packagesPageObjects.java:152)
	at testCases.packageElementsVerification.packageEditButtonVerify(packageElementsVerification.java:39)
	at java.base/java.util.ArrayList.forEach(ArrayList.java:1541)
	at java.base/java.util.concurrent.FutureTask.run(FutureTask.java:264)
	at java.base/java.util.concurrent.ThreadPoolExecutor.runWorker(ThreadPoolExecutor.java:1128)
	at java.base/java.util.concurrent.ThreadPoolExecutor$Worker.run(ThreadPoolExecutor.java:628)
	at java.base/java.lang.Thread.run(Thread.java:834)
... Removed 18 stack frames
</div> <!-- stack-trace -->
                </div> <!-- method-content -->
              </div> <!-- method -->
              <div class="method">
                <div class="method-content">
                  <a name="packageGoToLastPageButtonVerify">
                  </a> <!-- packageGoToLastPageButtonVerify -->
                  <span class="method-name">packageGoToLastPageButtonVerify</span>
                  <div class="stack-trace">java.lang.NullPointerException
	at testCases.packageElementsVerification.packageGoToLastPageButtonVerify(packageElementsVerification.java:81)
	at java.base/java.util.ArrayList.forEach(ArrayList.java:1541)
	at java.base/java.util.concurrent.FutureTask.run(FutureTask.java:264)
	at java.base/java.util.concurrent.ThreadPoolExecutor.runWorker(ThreadPoolExecutor.java:1128)
	at java.base/java.util.concurrent.ThreadPoolExecutor$Worker.run(ThreadPoolExecutor.java:628)
	at java.base/java.lang.Thread.run(Thread.java:834)
... Removed 18 stack frames
</div> <!-- stack-trace -->
                </div> <!-- method-content -->
              </div> <!-- method -->
              <div class="method">
                <div class="method-content">
                  <a name="packageNextButtonVerify">
                  </a> <!-- packageNextButtonVerify -->
                  <span class="method-name">packageNextButtonVerify</span>
                  <div class="stack-trace">java.lang.NullPointerException
	at testCases.packageElementsVerification.packageNextButtonVerify(packageElementsVerification.java:72)
	at java.base/java.util.ArrayList.forEach(ArrayList.java:1541)
	at java.base/java.util.concurrent.FutureTask.run(FutureTask.java:264)
	at java.base/java.util.concurrent.ThreadPoolExecutor.runWorker(ThreadPoolExecutor.java:1128)
	at java.base/java.util.concurrent.ThreadPoolExecutor$Worker.run(ThreadPoolExecutor.java:628)
	at java.base/java.lang.Thread.run(Thread.java:834)
... Removed 18 stack frames
</div> <!-- stack-trace -->
                </div> <!-- method-content -->
              </div> <!-- method -->
              <div class="method">
                <div class="method-content">
                  <a name="packagePreviousButtonVerify">
                  </a> <!-- packagePreviousButtonVerify -->
                  <span class="method-name">packagePreviousButtonVerify</span>
                  <div class="stack-trace">java.lang.NullPointerException
	at testCases.packageElementsVerification.packagePreviousButtonVerify(packageElementsVerification.java:90)
	at java.base/java.util.ArrayList.forEach(ArrayList.java:1541)
	at java.base/java.util.concurrent.FutureTask.run(FutureTask.java:264)
	at java.base/java.util.concurrent.ThreadPoolExecutor.runWorker(ThreadPoolExecutor.java:1128)
	at java.base/java.util.concurrent.ThreadPoolExecutor$Worker.run(ThreadPoolExecutor.java:628)
	at java.base/java.lang.Thread.run(Thread.java:834)
... Removed 18 stack frames
</div> <!-- stack-trace -->
                </div> <!-- method-content -->
              </div> <!-- method -->
            </div> <!-- main-panel-content rounded-window-bottom -->
          </div> <!-- suite-All_Test_Suite-class-failed -->
          <div class="suite-All_Test_Suite-class-failed">
            <div class="main-panel-header rounded-window-top">
              <img src="failed.png"/>
              <span class="class-name">testCases.agentNegativeTestCases</span>
            </div> <!-- main-panel-header rounded-window-top -->
            <div class="main-panel-content rounded-window-bottom">
              <div class="method">
                <div class="method-content">
                  <a name="AgentConfigProps_invalid">
                  </a> <!-- AgentConfigProps_invalid -->
                  <span class="method-name">AgentConfigProps_invalid</span>
                  <div class="stack-trace">java.lang.NullPointerException
	at testCases.agentNegativeTestCases.AgentConfigProps_invalid(agentNegativeTestCases.java:132)
	at java.base/java.util.ArrayList.forEach(ArrayList.java:1541)
	at java.base/java.util.concurrent.FutureTask.run(FutureTask.java:264)
	at java.base/java.util.concurrent.ThreadPoolExecutor.runWorker(ThreadPoolExecutor.java:1128)
	at java.base/java.util.concurrent.ThreadPoolExecutor$Worker.run(ThreadPoolExecutor.java:628)
	at java.base/java.lang.Thread.run(Thread.java:834)
... Removed 18 stack frames
</div> <!-- stack-trace -->
                </div> <!-- method-content -->
              </div> <!-- method -->
              <div class="method">
                <div class="method-content">
                  <a name="InvalidCharacters_Agents">
                  </a> <!-- InvalidCharacters_Agents -->
                  <span class="method-name">InvalidCharacters_Agents</span>
                  <div class="stack-trace">java.lang.NullPointerException
	at testCases.agentNegativeTestCases.InvalidCharacters_Agents(agentNegativeTestCases.java:78)
	at java.base/java.util.ArrayList.forEach(ArrayList.java:1541)
	at java.base/java.util.concurrent.FutureTask.run(FutureTask.java:264)
	at java.base/java.util.concurrent.ThreadPoolExecutor.runWorker(ThreadPoolExecutor.java:1128)
	at java.base/java.util.concurrent.ThreadPoolExecutor$Worker.run(ThreadPoolExecutor.java:628)
	at java.base/java.lang.Thread.run(Thread.java:834)
... Removed 18 stack frames
</div> <!-- stack-trace -->
                </div> <!-- method-content -->
              </div> <!-- method -->
              <div class="method">
                <div class="method-content">
                  <a name="InvalidCharacters_AgentsPorts">
                  </a> <!-- InvalidCharacters_AgentsPorts -->
                  <span class="method-name">InvalidCharacters_AgentsPorts</span>
                  <div class="stack-trace">java.lang.NullPointerException
	at testCases.agentNegativeTestCases.InvalidCharacters_AgentsPorts(agentNegativeTestCases.java:94)
	at java.base/java.util.ArrayList.forEach(ArrayList.java:1541)
	at java.base/java.util.concurrent.FutureTask.run(FutureTask.java:264)
	at java.base/java.util.concurrent.ThreadPoolExecutor.runWorker(ThreadPoolExecutor.java:1128)
	at java.base/java.util.concurrent.ThreadPoolExecutor$Worker.run(ThreadPoolExecutor.java:628)
	at java.base/java.lang.Thread.run(Thread.java:834)
... Removed 18 stack frames
</div> <!-- stack-trace -->
                </div> <!-- method-content -->
              </div> <!-- method -->
              <div class="method">
                <div class="method-content">
                  <a name="duplicate_AgentsPorts">
                  </a> <!-- duplicate_AgentsPorts -->
                  <span class="method-name">duplicate_AgentsPorts</span>
                  <div class="stack-trace">java.lang.NullPointerException
	at testCases.agentNegativeTestCases.duplicate_AgentsPorts(agentNegativeTestCases.java:112)
	at java.base/java.util.ArrayList.forEach(ArrayList.java:1541)
	at java.base/java.util.concurrent.FutureTask.run(FutureTask.java:264)
	at java.base/java.util.concurrent.ThreadPoolExecutor.runWorker(ThreadPoolExecutor.java:1128)
	at java.base/java.util.concurrent.ThreadPoolExecutor$Worker.run(ThreadPoolExecutor.java:628)
	at java.base/java.lang.Thread.run(Thread.java:834)
... Removed 18 stack frames
</div> <!-- stack-trace -->
                </div> <!-- method-content -->
              </div> <!-- method -->
              <div class="method">
                <div class="method-content">
                  <a name="maximumCharacters_Agents">
                  </a> <!-- maximumCharacters_Agents -->
                  <span class="method-name">maximumCharacters_Agents</span>
                  <div class="stack-trace">java.lang.NullPointerException
	at pages.common.&lt;init&gt;(common.java:19)
	at pages.agentPageObjects.&lt;init&gt;(agentPageObjects.java:15)
	at testCases.agentNegativeTestCases.maximumCharacters_Agents(agentNegativeTestCases.java:27)
	at java.base/java.util.ArrayList.forEach(ArrayList.java:1541)
	at java.base/java.util.concurrent.FutureTask.run(FutureTask.java:264)
	at java.base/java.util.concurrent.ThreadPoolExecutor.runWorker(ThreadPoolExecutor.java:1128)
	at java.base/java.util.concurrent.ThreadPoolExecutor$Worker.run(ThreadPoolExecutor.java:628)
	at java.base/java.lang.Thread.run(Thread.java:834)
... Removed 18 stack frames
</div> <!-- stack-trace -->
                </div> <!-- method-content -->
              </div> <!-- method -->
              <div class="method">
                <div class="method-content">
                  <a name="minimumCharacters_Agents">
                  </a> <!-- minimumCharacters_Agents -->
                  <span class="method-name">minimumCharacters_Agents</span>
                  <div class="stack-trace">java.lang.NullPointerException
	at testCases.agentNegativeTestCases.minimumCharacters_Agents(agentNegativeTestCases.java:62)
	at java.base/java.util.ArrayList.forEach(ArrayList.java:1541)
	at java.base/java.util.concurrent.FutureTask.run(FutureTask.java:264)
	at java.base/java.util.concurrent.ThreadPoolExecutor.runWorker(ThreadPoolExecutor.java:1128)
	at java.base/java.util.concurrent.ThreadPoolExecutor$Worker.run(ThreadPoolExecutor.java:628)
	at java.base/java.lang.Thread.run(Thread.java:834)
... Removed 18 stack frames
</div> <!-- stack-trace -->
                </div> <!-- method-content -->
              </div> <!-- method -->
              <div class="method">
                <div class="method-content">
                  <a name="select_portType">
                  </a> <!-- select_portType -->
                  <span class="method-name">select_portType</span>
                  <div class="stack-trace">java.lang.NullPointerException
	at testCases.agentNegativeTestCases.select_portType(agentNegativeTestCases.java:122)
	at java.base/java.util.ArrayList.forEach(ArrayList.java:1541)
	at java.base/java.util.concurrent.FutureTask.run(FutureTask.java:264)
	at java.base/java.util.concurrent.ThreadPoolExecutor.runWorker(ThreadPoolExecutor.java:1128)
	at java.base/java.util.concurrent.ThreadPoolExecutor$Worker.run(ThreadPoolExecutor.java:628)
	at java.base/java.lang.Thread.run(Thread.java:834)
... Removed 18 stack frames
</div> <!-- stack-trace -->
                </div> <!-- method-content -->
              </div> <!-- method -->
            </div> <!-- main-panel-content rounded-window-bottom -->
          </div> <!-- suite-All_Test_Suite-class-failed -->
          <div class="suite-All_Test_Suite-class-skipped">
            <div class="main-panel-header rounded-window-top">
              <img src="skipped.png"/>
              <span class="class-name">testCases.osImageTestCases</span>
            </div> <!-- main-panel-header rounded-window-top -->
            <div class="main-panel-content rounded-window-bottom">
              <div class="method">
                <div class="method-content">
                  <a name="osImageInvalidCharactersValidation">
                  </a> <!-- osImageInvalidCharactersValidation -->
                  <span class="method-name">osImageInvalidCharactersValidation</span>
                  <div class="stack-trace">java.lang.NullPointerException
	at pages.common.&lt;init&gt;(common.java:19)
	at pages.osImagePageObjects.&lt;init&gt;(osImagePageObjects.java:18)
	at testCases.osImageTestCases.getDriver(osImageTestCases.java:24)
	at java.base/java.util.ArrayList.forEach(ArrayList.java:1541)
	at java.base/java.util.concurrent.FutureTask.run(FutureTask.java:264)
	at java.base/java.util.concurrent.ThreadPoolExecutor.runWorker(ThreadPoolExecutor.java:1128)
	at java.base/java.util.concurrent.ThreadPoolExecutor$Worker.run(ThreadPoolExecutor.java:628)
	at java.base/java.lang.Thread.run(Thread.java:834)
... Removed 16 stack frames
</div> <!-- stack-trace -->
                </div> <!-- method-content -->
              </div> <!-- method -->
              <div class="method">
                <div class="method-content">
                  <a name="osImageMaxCharactersValidation">
                  </a> <!-- osImageMaxCharactersValidation -->
                  <span class="method-name">osImageMaxCharactersValidation</span>
                  <div class="stack-trace">java.lang.NullPointerException
	at pages.common.&lt;init&gt;(common.java:19)
	at pages.osImagePageObjects.&lt;init&gt;(osImagePageObjects.java:18)
	at testCases.osImageTestCases.getDriver(osImageTestCases.java:24)
	at java.base/java.util.ArrayList.forEach(ArrayList.java:1541)
	at java.base/java.util.concurrent.FutureTask.run(FutureTask.java:264)
	at java.base/java.util.concurrent.ThreadPoolExecutor.runWorker(ThreadPoolExecutor.java:1128)
	at java.base/java.util.concurrent.ThreadPoolExecutor$Worker.run(ThreadPoolExecutor.java:628)
	at java.base/java.lang.Thread.run(Thread.java:834)
... Removed 16 stack frames
</div> <!-- stack-trace -->
                </div> <!-- method-content -->
              </div> <!-- method -->
              <div class="method">
                <div class="method-content">
                  <a name="osImageMinCharactersValidation">
                  </a> <!-- osImageMinCharactersValidation -->
                  <span class="method-name">osImageMinCharactersValidation</span>
                  <div class="stack-trace">java.lang.NullPointerException
	at pages.common.&lt;init&gt;(common.java:19)
	at pages.osImagePageObjects.&lt;init&gt;(osImagePageObjects.java:18)
	at testCases.osImageTestCases.getDriver(osImageTestCases.java:24)
	at java.base/java.util.ArrayList.forEach(ArrayList.java:1541)
	at java.base/java.util.concurrent.FutureTask.run(FutureTask.java:264)
	at java.base/java.util.concurrent.ThreadPoolExecutor.runWorker(ThreadPoolExecutor.java:1128)
	at java.base/java.util.concurrent.ThreadPoolExecutor$Worker.run(ThreadPoolExecutor.java:628)
	at java.base/java.lang.Thread.run(Thread.java:834)
... Removed 16 stack frames
</div> <!-- stack-trace -->
                </div> <!-- method-content -->
              </div> <!-- method -->
            </div> <!-- main-panel-content rounded-window-bottom -->
          </div> <!-- suite-All_Test_Suite-class-skipped -->
          <div class="suite-All_Test_Suite-class-skipped">
            <div class="main-panel-header rounded-window-top">
              <img src="skipped.png"/>
              <span class="class-name">testCases.Infrastructure.clusterAlertMsgTestCases</span>
            </div> <!-- main-panel-header rounded-window-top -->
            <div class="main-panel-content rounded-window-bottom">
              <div class="method">
                <div class="method-content">
                  <a name="messageValidations_IfTextIsNotEntered">
                  </a> <!-- messageValidations_IfTextIsNotEntered -->
                  <span class="method-name">messageValidations_IfTextIsNotEntered</span>
                  <div class="stack-trace">java.lang.NullPointerException
	at pages.common.&lt;init&gt;(common.java:19)
	at pages.Infrastructure.kubernetesCLusterPageObjects.&lt;init&gt;(kubernetesCLusterPageObjects.java:20)
	at testCases.Infrastructure.clusterAlertMsgTestCases.getDriver(clusterAlertMsgTestCases.java:24)
	at java.base/java.util.ArrayList.forEach(ArrayList.java:1541)
	at java.base/java.util.concurrent.FutureTask.run(FutureTask.java:264)
	at java.base/java.util.concurrent.ThreadPoolExecutor.runWorker(ThreadPoolExecutor.java:1128)
	at java.base/java.util.concurrent.ThreadPoolExecutor$Worker.run(ThreadPoolExecutor.java:628)
	at java.base/java.lang.Thread.run(Thread.java:834)
... Removed 16 stack frames
</div> <!-- stack-trace -->
                </div> <!-- method-content -->
              </div> <!-- method -->
              <div class="method">
                <div class="method-content">
                  <a name="wrongApiServer_AlertMsg">
                  </a> <!-- wrongApiServer_AlertMsg -->
                  <span class="method-name">wrongApiServer_AlertMsg</span>
                  <div class="stack-trace">java.lang.NullPointerException
	at pages.common.&lt;init&gt;(common.java:19)
	at pages.Infrastructure.kubernetesCLusterPageObjects.&lt;init&gt;(kubernetesCLusterPageObjects.java:20)
	at testCases.Infrastructure.clusterAlertMsgTestCases.getDriver(clusterAlertMsgTestCases.java:24)
	at java.base/java.util.ArrayList.forEach(ArrayList.java:1541)
	at java.base/java.util.concurrent.FutureTask.run(FutureTask.java:264)
	at java.base/java.util.concurrent.ThreadPoolExecutor.runWorker(ThreadPoolExecutor.java:1128)
	at java.base/java.util.concurrent.ThreadPoolExecutor$Worker.run(ThreadPoolExecutor.java:628)
	at java.base/java.lang.Thread.run(Thread.java:834)
... Removed 16 stack frames
</div> <!-- stack-trace -->
                </div> <!-- method-content -->
              </div> <!-- method -->
            </div> <!-- main-panel-content rounded-window-bottom -->
          </div> <!-- suite-All_Test_Suite-class-skipped -->
          <div class="suite-All_Test_Suite-class-skipped">
            <div class="main-panel-header rounded-window-top">
              <img src="skipped.png"/>
              <span class="class-name">testCases.Infrastructure.kubernetesClusterElementsVerification</span>
            </div> <!-- main-panel-header rounded-window-top -->
            <div class="main-panel-content rounded-window-bottom">
              <div class="method">
                <div class="method-content">
                  <a name="SearchVerify">
                  </a> <!-- SearchVerify -->
                  <span class="method-name">SearchVerify</span>
                  <div class="stack-trace">java.lang.NullPointerException
	at pages.common.&lt;init&gt;(common.java:19)
	at pages.Infrastructure.kubernetesCLusterPageObjects.&lt;init&gt;(kubernetesCLusterPageObjects.java:20)
	at testCases.Infrastructure.kubernetesClusterElementsVerification.getDriver(kubernetesClusterElementsVerification.java:26)
	at java.base/java.util.ArrayList.forEach(ArrayList.java:1541)
	at java.base/java.util.concurrent.FutureTask.run(FutureTask.java:264)
	at java.base/java.util.concurrent.ThreadPoolExecutor.runWorker(ThreadPoolExecutor.java:1128)
	at java.base/java.util.concurrent.ThreadPoolExecutor$Worker.run(ThreadPoolExecutor.java:628)
	at java.base/java.lang.Thread.run(Thread.java:834)
... Removed 16 stack frames
</div> <!-- stack-trace -->
                </div> <!-- method-content -->
              </div> <!-- method -->
              <div class="method">
                <div class="method-content">
                  <a name="addClusterButtonVerify">
                  </a> <!-- addClusterButtonVerify -->
                  <span class="method-name">addClusterButtonVerify</span>
                  <div class="stack-trace">java.lang.NullPointerException
	at pages.common.&lt;init&gt;(common.java:19)
	at pages.Infrastructure.kubernetesCLusterPageObjects.&lt;init&gt;(kubernetesCLusterPageObjects.java:20)
	at testCases.Infrastructure.kubernetesClusterElementsVerification.getDriver(kubernetesClusterElementsVerification.java:26)
	at java.base/java.util.ArrayList.forEach(ArrayList.java:1541)
	at java.base/java.util.concurrent.FutureTask.run(FutureTask.java:264)
	at java.base/java.util.concurrent.ThreadPoolExecutor.runWorker(ThreadPoolExecutor.java:1128)
	at java.base/java.util.concurrent.ThreadPoolExecutor$Worker.run(ThreadPoolExecutor.java:628)
	at java.base/java.lang.Thread.run(Thread.java:834)
... Removed 16 stack frames
</div> <!-- stack-trace -->
                </div> <!-- method-content -->
              </div> <!-- method -->
              <div class="method">
                <div class="method-content">
                  <a name="deleteClusterButtonVerify">
                  </a> <!-- deleteClusterButtonVerify -->
                  <span class="method-name">deleteClusterButtonVerify</span>
                  <div class="stack-trace">java.lang.NullPointerException
	at pages.common.&lt;init&gt;(common.java:19)
	at pages.Infrastructure.kubernetesCLusterPageObjects.&lt;init&gt;(kubernetesCLusterPageObjects.java:20)
	at testCases.Infrastructure.kubernetesClusterElementsVerification.getDriver(kubernetesClusterElementsVerification.java:26)
	at java.base/java.util.ArrayList.forEach(ArrayList.java:1541)
	at java.base/java.util.concurrent.FutureTask.run(FutureTask.java:264)
	at java.base/java.util.concurrent.ThreadPoolExecutor.runWorker(ThreadPoolExecutor.java:1128)
	at java.base/java.util.concurrent.ThreadPoolExecutor$Worker.run(ThreadPoolExecutor.java:628)
	at java.base/java.lang.Thread.run(Thread.java:834)
... Removed 16 stack frames
</div> <!-- stack-trace -->
                </div> <!-- method-content -->
              </div> <!-- method -->
              <div class="method">
                <div class="method-content">
                  <a name="deployedEnvironments">
                  </a> <!-- deployedEnvironments -->
                  <span class="method-name">deployedEnvironments</span>
                  <div class="stack-trace">java.lang.NullPointerException
	at pages.common.&lt;init&gt;(common.java:19)
	at pages.Infrastructure.kubernetesCLusterPageObjects.&lt;init&gt;(kubernetesCLusterPageObjects.java:20)
	at testCases.Infrastructure.kubernetesClusterElementsVerification.getDriver(kubernetesClusterElementsVerification.java:26)
	at java.base/java.util.ArrayList.forEach(ArrayList.java:1541)
	at java.base/java.util.concurrent.FutureTask.run(FutureTask.java:264)
	at java.base/java.util.concurrent.ThreadPoolExecutor.runWorker(ThreadPoolExecutor.java:1128)
	at java.base/java.util.concurrent.ThreadPoolExecutor$Worker.run(ThreadPoolExecutor.java:628)
	at java.base/java.lang.Thread.run(Thread.java:834)
... Removed 16 stack frames
</div> <!-- stack-trace -->
                </div> <!-- method-content -->
              </div> <!-- method -->
              <div class="method">
                <div class="method-content">
                  <a name="editClusterButtonVerify">
                  </a> <!-- editClusterButtonVerify -->
                  <span class="method-name">editClusterButtonVerify</span>
                  <div class="stack-trace">java.lang.NullPointerException
	at pages.common.&lt;init&gt;(common.java:19)
	at pages.Infrastructure.kubernetesCLusterPageObjects.&lt;init&gt;(kubernetesCLusterPageObjects.java:20)
	at testCases.Infrastructure.kubernetesClusterElementsVerification.getDriver(kubernetesClusterElementsVerification.java:26)
	at java.base/java.util.ArrayList.forEach(ArrayList.java:1541)
	at java.base/java.util.concurrent.FutureTask.run(FutureTask.java:264)
	at java.base/java.util.concurrent.ThreadPoolExecutor.runWorker(ThreadPoolExecutor.java:1128)
	at java.base/java.util.concurrent.ThreadPoolExecutor$Worker.run(ThreadPoolExecutor.java:628)
	at java.base/java.lang.Thread.run(Thread.java:834)
... Removed 16 stack frames
</div> <!-- stack-trace -->
                </div> <!-- method-content -->
              </div> <!-- method -->
              <div class="method">
                <div class="method-content">
                  <a name="refreshButtonVerify">
                  </a> <!-- refreshButtonVerify -->
                  <span class="method-name">refreshButtonVerify</span>
                  <div class="stack-trace">java.lang.NullPointerException
	at pages.common.&lt;init&gt;(common.java:19)
	at pages.Infrastructure.kubernetesCLusterPageObjects.&lt;init&gt;(kubernetesCLusterPageObjects.java:20)
	at testCases.Infrastructure.kubernetesClusterElementsVerification.getDriver(kubernetesClusterElementsVerification.java:26)
	at java.base/java.util.ArrayList.forEach(ArrayList.java:1541)
	at java.base/java.util.concurrent.FutureTask.run(FutureTask.java:264)
	at java.base/java.util.concurrent.ThreadPoolExecutor.runWorker(ThreadPoolExecutor.java:1128)
	at java.base/java.util.concurrent.ThreadPoolExecutor$Worker.run(ThreadPoolExecutor.java:628)
	at java.base/java.lang.Thread.run(Thread.java:834)
... Removed 16 stack frames
</div> <!-- stack-trace -->
                </div> <!-- method-content -->
              </div> <!-- method -->
              <div class="method">
                <div class="method-content">
                  <a name="scanClusterButtonVerify">
                  </a> <!-- scanClusterButtonVerify -->
                  <span class="method-name">scanClusterButtonVerify</span>
                  <div class="stack-trace">java.lang.NullPointerException
	at pages.common.&lt;init&gt;(common.java:19)
	at pages.Infrastructure.kubernetesCLusterPageObjects.&lt;init&gt;(kubernetesCLusterPageObjects.java:20)
	at testCases.Infrastructure.kubernetesClusterElementsVerification.getDriver(kubernetesClusterElementsVerification.java:26)
	at java.base/java.util.ArrayList.forEach(ArrayList.java:1541)
	at java.base/java.util.concurrent.FutureTask.run(FutureTask.java:264)
	at java.base/java.util.concurrent.ThreadPoolExecutor.runWorker(ThreadPoolExecutor.java:1128)
	at java.base/java.util.concurrent.ThreadPoolExecutor$Worker.run(ThreadPoolExecutor.java:628)
	at java.base/java.lang.Thread.run(Thread.java:834)
... Removed 16 stack frames
</div> <!-- stack-trace -->
                </div> <!-- method-content -->
              </div> <!-- method -->
            </div> <!-- main-panel-content rounded-window-bottom -->
          </div> <!-- suite-All_Test_Suite-class-skipped -->
          <div class="suite-All_Test_Suite-class-skipped">
            <div class="main-panel-header rounded-window-top">
              <img src="skipped.png"/>
              <span class="class-name">testCases.PackageNegativeTestCases</span>
            </div> <!-- main-panel-header rounded-window-top -->
            <div class="main-panel-content rounded-window-bottom">
              <div class="method">
                <div class="method-content">
                  <a name="packageLevelInvalidCharacters">
                  </a> <!-- packageLevelInvalidCharacters -->
                  <span class="method-name">packageLevelInvalidCharacters</span>
                  <div class="stack-trace">java.lang.NullPointerException
	at pages.common.&lt;init&gt;(common.java:19)
	at pages.packagesPageObjects.&lt;init&gt;(packagesPageObjects.java:152)
	at testCases.PackageNegativeTestCases.packageLevelMaxCharacters(PackageNegativeTestCases.java:29)
	at java.base/java.util.ArrayList.forEach(ArrayList.java:1541)
	at java.base/java.util.concurrent.FutureTask.run(FutureTask.java:264)
	at java.base/java.util.concurrent.ThreadPoolExecutor.runWorker(ThreadPoolExecutor.java:1128)
	at java.base/java.util.concurrent.ThreadPoolExecutor$Worker.run(ThreadPoolExecutor.java:628)
	at java.base/java.lang.Thread.run(Thread.java:834)
... Removed 16 stack frames
</div> <!-- stack-trace -->
                </div> <!-- method-content -->
              </div> <!-- method -->
              <div class="method">
                <div class="method-content">
                  <a name="packageLevelMinimumCharacters">
                  </a> <!-- packageLevelMinimumCharacters -->
                  <span class="method-name">packageLevelMinimumCharacters</span>
                  <div class="stack-trace">java.lang.NullPointerException
	at pages.common.&lt;init&gt;(common.java:19)
	at pages.packagesPageObjects.&lt;init&gt;(packagesPageObjects.java:152)
	at testCases.PackageNegativeTestCases.packageLevelMaxCharacters(PackageNegativeTestCases.java:29)
	at java.base/java.util.ArrayList.forEach(ArrayList.java:1541)
	at java.base/java.util.concurrent.FutureTask.run(FutureTask.java:264)
	at java.base/java.util.concurrent.ThreadPoolExecutor.runWorker(ThreadPoolExecutor.java:1128)
	at java.base/java.util.concurrent.ThreadPoolExecutor$Worker.run(ThreadPoolExecutor.java:628)
	at java.base/java.lang.Thread.run(Thread.java:834)
... Removed 16 stack frames
</div> <!-- stack-trace -->
                </div> <!-- method-content -->
              </div> <!-- method -->
              <div class="method">
                <div class="method-content">
                  <a name="packageLevelPortValidations">
                  </a> <!-- packageLevelPortValidations -->
                  <span class="method-name">packageLevelPortValidations</span>
                  <div class="stack-trace">java.lang.NullPointerException
	at pages.common.&lt;init&gt;(common.java:19)
	at pages.packagesPageObjects.&lt;init&gt;(packagesPageObjects.java:152)
	at testCases.PackageNegativeTestCases.packageLevelMaxCharacters(PackageNegativeTestCases.java:29)
	at java.base/java.util.ArrayList.forEach(ArrayList.java:1541)
	at java.base/java.util.concurrent.FutureTask.run(FutureTask.java:264)
	at java.base/java.util.concurrent.ThreadPoolExecutor.runWorker(ThreadPoolExecutor.java:1128)
	at java.base/java.util.concurrent.ThreadPoolExecutor$Worker.run(ThreadPoolExecutor.java:628)
	at java.base/java.lang.Thread.run(Thread.java:834)
... Removed 16 stack frames
</div> <!-- stack-trace -->
                </div> <!-- method-content -->
              </div> <!-- method -->
              <div class="method">
                <div class="method-content">
                  <a name="packagePortNameValidations">
                  </a> <!-- packagePortNameValidations -->
                  <span class="method-name">packagePortNameValidations</span>
                  <div class="stack-trace">java.lang.NullPointerException
	at pages.common.&lt;init&gt;(common.java:19)
	at pages.packagesPageObjects.&lt;init&gt;(packagesPageObjects.java:152)
	at testCases.PackageNegativeTestCases.packageLevelMaxCharacters(PackageNegativeTestCases.java:29)
	at java.base/java.util.ArrayList.forEach(ArrayList.java:1541)
	at java.base/java.util.concurrent.FutureTask.run(FutureTask.java:264)
	at java.base/java.util.concurrent.ThreadPoolExecutor.runWorker(ThreadPoolExecutor.java:1128)
	at java.base/java.util.concurrent.ThreadPoolExecutor$Worker.run(ThreadPoolExecutor.java:628)
	at java.base/java.lang.Thread.run(Thread.java:834)
... Removed 16 stack frames
</div> <!-- stack-trace -->
                </div> <!-- method-content -->
              </div> <!-- method -->
            </div> <!-- main-panel-content rounded-window-bottom -->
          </div> <!-- suite-All_Test_Suite-class-skipped -->
          <div class="suite-All_Test_Suite-class-skipped">
            <div class="main-panel-header rounded-window-top">
              <img src="skipped.png"/>
              <span class="class-name">testCases.Infrastructure.artifactRepoNegativeScenarios</span>
            </div> <!-- main-panel-header rounded-window-top -->
            <div class="main-panel-content rounded-window-bottom">
              <div class="method">
                <div class="method-content">
                  <a name="artifactRepoMInvalidCharacters">
                  </a> <!-- artifactRepoMInvalidCharacters -->
                  <span class="method-name">artifactRepoMInvalidCharacters</span>
                  <div class="stack-trace">java.lang.NullPointerException
	at pages.common.&lt;init&gt;(common.java:19)
	at pages.Infrastructure.artifactRepoPageObjects.&lt;init&gt;(artifactRepoPageObjects.java:19)
	at testCases.Infrastructure.artifactRepoNegativeScenarios.getDriver(artifactRepoNegativeScenarios.java:25)
	at java.base/java.util.ArrayList.forEach(ArrayList.java:1541)
	at java.base/java.util.concurrent.FutureTask.run(FutureTask.java:264)
	at java.base/java.util.concurrent.ThreadPoolExecutor.runWorker(ThreadPoolExecutor.java:1128)
	at java.base/java.util.concurrent.ThreadPoolExecutor$Worker.run(ThreadPoolExecutor.java:628)
	at java.base/java.lang.Thread.run(Thread.java:834)
... Removed 16 stack frames
</div> <!-- stack-trace -->
                </div> <!-- method-content -->
              </div> <!-- method -->
              <div class="method">
                <div class="method-content">
                  <a name="artifactRepoMaxCharacters">
                  </a> <!-- artifactRepoMaxCharacters -->
                  <span class="method-name">artifactRepoMaxCharacters</span>
                  <div class="stack-trace">java.lang.NullPointerException
	at pages.common.&lt;init&gt;(common.java:19)
	at pages.Infrastructure.artifactRepoPageObjects.&lt;init&gt;(artifactRepoPageObjects.java:19)
	at testCases.Infrastructure.artifactRepoNegativeScenarios.getDriver(artifactRepoNegativeScenarios.java:25)
	at java.base/java.util.ArrayList.forEach(ArrayList.java:1541)
	at java.base/java.util.concurrent.FutureTask.run(FutureTask.java:264)
	at java.base/java.util.concurrent.ThreadPoolExecutor.runWorker(ThreadPoolExecutor.java:1128)
	at java.base/java.util.concurrent.ThreadPoolExecutor$Worker.run(ThreadPoolExecutor.java:628)
	at java.base/java.lang.Thread.run(Thread.java:834)
... Removed 16 stack frames
</div> <!-- stack-trace -->
                </div> <!-- method-content -->
              </div> <!-- method -->
              <div class="method">
                <div class="method-content">
                  <a name="artifactRepoMinCharacters">
                  </a> <!-- artifactRepoMinCharacters -->
                  <span class="method-name">artifactRepoMinCharacters</span>
                  <div class="stack-trace">java.lang.NullPointerException
	at pages.common.&lt;init&gt;(common.java:19)
	at pages.Infrastructure.artifactRepoPageObjects.&lt;init&gt;(artifactRepoPageObjects.java:19)
	at testCases.Infrastructure.artifactRepoNegativeScenarios.getDriver(artifactRepoNegativeScenarios.java:25)
	at java.base/java.util.ArrayList.forEach(ArrayList.java:1541)
	at java.base/java.util.concurrent.FutureTask.run(FutureTask.java:264)
	at java.base/java.util.concurrent.ThreadPoolExecutor.runWorker(ThreadPoolExecutor.java:1128)
	at java.base/java.util.concurrent.ThreadPoolExecutor$Worker.run(ThreadPoolExecutor.java:628)
	at java.base/java.lang.Thread.run(Thread.java:834)
... Removed 16 stack frames
</div> <!-- stack-trace -->
                </div> <!-- method-content -->
              </div> <!-- method -->
              <div class="method">
                <div class="method-content">
                  <a name="verifySaveAndTestButton_beforeEnteringDetails">
                  </a> <!-- verifySaveAndTestButton_beforeEnteringDetails -->
                  <span class="method-name">verifySaveAndTestButton_beforeEnteringDetails</span>
                  <div class="stack-trace">java.lang.NullPointerException
	at pages.common.&lt;init&gt;(common.java:19)
	at pages.Infrastructure.artifactRepoPageObjects.&lt;init&gt;(artifactRepoPageObjects.java:19)
	at testCases.Infrastructure.artifactRepoNegativeScenarios.getDriver(artifactRepoNegativeScenarios.java:25)
	at java.base/java.util.ArrayList.forEach(ArrayList.java:1541)
	at java.base/java.util.concurrent.FutureTask.run(FutureTask.java:264)
	at java.base/java.util.concurrent.ThreadPoolExecutor.runWorker(ThreadPoolExecutor.java:1128)
	at java.base/java.util.concurrent.ThreadPoolExecutor$Worker.run(ThreadPoolExecutor.java:628)
	at java.base/java.lang.Thread.run(Thread.java:834)
... Removed 16 stack frames
</div> <!-- stack-trace -->
                </div> <!-- method-content -->
              </div> <!-- method -->
            </div> <!-- main-panel-content rounded-window-bottom -->
          </div> <!-- suite-All_Test_Suite-class-skipped -->
          <div class="suite-All_Test_Suite-class-skipped">
            <div class="main-panel-header rounded-window-top">
              <img src="skipped.png"/>
              <span class="class-name">testCases.hyscaleLoginPageTestCase</span>
            </div> <!-- main-panel-header rounded-window-top -->
            <div class="main-panel-content rounded-window-bottom">
              <div class="method">
                <div class="method-content">
                  <a name="LoginTest">
                  </a> <!-- LoginTest -->
                  <span class="method-name">LoginTest</span>
                  <div class="stack-trace">org.openqa.selenium.WebDriverException: Error forwarding the new session cannot find : Capabilities {acceptInsecureCerts: true, browserName: firefox, platform: WIN10, version: }
Command duration or timeout: 726 milliseconds
	at org.openqa.selenium.remote.ErrorHandler.createThrowable(ErrorHandler.java:214)
	at org.openqa.selenium.remote.ErrorHandler.throwIfResponseFailed(ErrorHandler.java:166)
	at org.openqa.selenium.remote.JsonWireProtocolResponse.lambda$errorHandler$0(JsonWireProtocolResponse.java:54)
	at org.openqa.selenium.remote.HandshakeResponse.lambda$getResponseFunction$0(HandshakeResponse.java:30)
	at org.openqa.selenium.remote.ProtocolHandshake.lambda$createSession$0(ProtocolHandshake.java:126)
	at java.base/java.util.stream.ReferencePipeline$3$1.accept(ReferencePipeline.java:195)
	at java.base/java.util.Spliterators$ArraySpliterator.tryAdvance(Spliterators.java:958)
	at java.base/java.util.stream.ReferencePipeline.forEachWithCancel(ReferencePipeline.java:127)
	at java.base/java.util.stream.AbstractPipeline.copyIntoWithCancel(AbstractPipeline.java:502)
	at java.base/java.util.stream.AbstractPipeline.copyInto(AbstractPipeline.java:488)
	at java.base/java.util.stream.AbstractPipeline.wrapAndCopyInto(AbstractPipeline.java:474)
	at java.base/java.util.stream.FindOps$FindOp.evaluateSequential(FindOps.java:150)
	at java.base/java.util.stream.AbstractPipeline.evaluate(AbstractPipeline.java:234)
	at java.base/java.util.stream.ReferencePipeline.findFirst(ReferencePipeline.java:543)
	at org.openqa.selenium.remote.ProtocolHandshake.createSession(ProtocolHandshake.java:128)
	at org.openqa.selenium.remote.ProtocolHandshake.createSession(ProtocolHandshake.java:74)
	at org.openqa.selenium.remote.HttpCommandExecutor.execute(HttpCommandExecutor.java:136)
	at org.openqa.selenium.remote.RemoteWebDriver.execute(RemoteWebDriver.java:552)
	at org.openqa.selenium.remote.RemoteWebDriver.startSession(RemoteWebDriver.java:213)
	at org.openqa.selenium.remote.RemoteWebDriver.&lt;init&gt;(RemoteWebDriver.java:131)
	at org.openqa.selenium.remote.RemoteWebDriver.&lt;init&gt;(RemoteWebDriver.java:144)
	at utils.browserFactory.gridDriverSetUp(browserFactory.java:104)
	at testCases.hyscaleLoginPageTestCase.driverSetUp(hyscaleLoginPageTestCase.java:34)
	at java.base/java.util.ArrayList.forEach(ArrayList.java:1541)
	at java.base/java.util.concurrent.FutureTask.run(FutureTask.java:264)
	at java.base/java.util.concurrent.ThreadPoolExecutor.runWorker(ThreadPoolExecutor.java:1128)
	at java.base/java.util.concurrent.ThreadPoolExecutor$Worker.run(ThreadPoolExecutor.java:628)
	at java.base/java.lang.Thread.run(Thread.java:834)
Caused by: org.openqa.selenium.WebDriverException: Error forwarding the new session cannot find : Capabilities {acceptInsecureCerts: true, browserName: firefox, platform: WIN10, version: }
Build info: version: &apos;3.141.59&apos;, revision: &apos;e82be7d358&apos;, time: &apos;2018-11-14T08:17:03&apos;
System info: host: &apos;PRINHYLTPDL1861&apos;, ip: &apos;192.168.0.14&apos;, os.name: &apos;Linux&apos;, os.arch: &apos;amd64&apos;, os.version: &apos;5.4.0-70-generic&apos;, java.version: &apos;11.0.10&apos;
Driver info: driver.version: unknown
	at org.openqa.grid.web.servlet.handler.RequestHandler.process(RequestHandler.java:118)
	at org.openqa.grid.web.servlet.DriverServlet.process(DriverServlet.java:85)
	at org.openqa.grid.web.servlet.DriverServlet.doPost(DriverServlet.java:69)
	at javax.servlet.http.HttpServlet.service(HttpServlet.java:707)
	at javax.servlet.http.HttpServlet.service(HttpServlet.java:790)
	at org.seleniumhq.jetty9.servlet.ServletHolder.handle(ServletHolder.java:865)
	at org.seleniumhq.jetty9.servlet.ServletHandler$CachedChain.doFilter(ServletHandler.java:1655)
	at io.prometheus.client.filter.MetricsFilter.doFilter(MetricsFilter.java:170)
	at org.seleniumhq.jetty9.servlet.ServletHandler$CachedChain.doFilter(ServletHandler.java:1642)
	at org.seleniumhq.jetty9.servlet.ServletHandler.doHandle(ServletHandler.java:533)
	at org.seleniumhq.jetty9.server.handler.ScopedHandler.handle(ScopedHandler.java:146)
	at org.seleniumhq.jetty9.security.SecurityHandler.handle(SecurityHandler.java:548)
	at org.seleniumhq.jetty9.server.handler.HandlerWrapper.handle(HandlerWrapper.java:132)
	at org.seleniumhq.jetty9.server.handler.ScopedHandler.nextHandle(ScopedHandler.java:257)
	at org.seleniumhq.jetty9.server.session.SessionHandler.doHandle(SessionHandler.java:1595)
	at org.seleniumhq.jetty9.server.handler.ScopedHandler.nextHandle(ScopedHandler.java:255)
	at org.seleniumhq.jetty9.server.handler.ContextHandler.doHandle(ContextHandler.java:1340)
	at org.seleniumhq.jetty9.server.handler.ScopedHandler.nextScope(ScopedHandler.java:203)
	at org.seleniumhq.jetty9.servlet.ServletHandler.doScope(ServletHandler.java:473)
	at org.seleniumhq.jetty9.server.session.SessionHandler.doScope(SessionHandler.java:1564)
	at org.seleniumhq.jetty9.server.handler.ScopedHandler.nextScope(ScopedHandler.java:201)
	at org.seleniumhq.jetty9.server.handler.ContextHandler.doScope(ContextHandler.java:1242)
	at org.seleniumhq.jetty9.server.handler.ScopedHandler.handle(ScopedHandler.java:144)
	at org.seleniumhq.jetty9.server.handler.StatisticsHandler.handle(StatisticsHandler.java:174)
	at org.seleniumhq.jetty9.server.handler.HandlerWrapper.handle(HandlerWrapper.java:132)
	at org.seleniumhq.jetty9.server.Server.handle(Server.java:503)
	at org.seleniumhq.jetty9.server.HttpChannel.handle(HttpChannel.java:364)
	at org.seleniumhq.jetty9.server.HttpConnection.onFillable(HttpConnection.java:260)
	at org.seleniumhq.jetty9.io.AbstractConnection$ReadCallback.succeeded(AbstractConnection.java:305)
	at org.seleniumhq.jetty9.io.FillInterest.fillable(FillInterest.java:103)
	at org.seleniumhq.jetty9.io.ChannelEndPoint$2.run(ChannelEndPoint.java:118)
	at org.seleniumhq.jetty9.util.thread.strategy.EatWhatYouKill.runTask(EatWhatYouKill.java:333)
	at org.seleniumhq.jetty9.util.thread.strategy.EatWhatYouKill.doProduce(EatWhatYouKill.java:310)
	at org.seleniumhq.jetty9.util.thread.strategy.EatWhatYouKill.tryProduce(EatWhatYouKill.java:168)
	at org.seleniumhq.jetty9.util.thread.strategy.EatWhatYouKill.run(EatWhatYouKill.java:126)
	at org.seleniumhq.jetty9.util.thread.ReservedThreadExecutor$ReservedThread.run(ReservedThreadExecutor.java:366)
	at org.seleniumhq.jetty9.util.thread.QueuedThreadPool.runJob(QueuedThreadPool.java:765)
	at org.seleniumhq.jetty9.util.thread.QueuedThreadPool$2.run(QueuedThreadPool.java:683)
	at java.lang.Thread.run(Thread.java:748)
... Removed 20 stack frames
</div> <!-- stack-trace -->
                </div> <!-- method-content -->
              </div> <!-- method -->
              <div class="method">
                <div class="method-content">
                  <a name="TitleAndLogoTest">
                  </a> <!-- TitleAndLogoTest -->
                  <span class="method-name">TitleAndLogoTest</span>
                  <div class="stack-trace">org.openqa.selenium.WebDriverException: Error forwarding the new session cannot find : Capabilities {acceptInsecureCerts: true, browserName: firefox, platform: WIN10, version: }
Command duration or timeout: 726 milliseconds
	at org.openqa.selenium.remote.ErrorHandler.createThrowable(ErrorHandler.java:214)
	at org.openqa.selenium.remote.ErrorHandler.throwIfResponseFailed(ErrorHandler.java:166)
	at org.openqa.selenium.remote.JsonWireProtocolResponse.lambda$errorHandler$0(JsonWireProtocolResponse.java:54)
	at org.openqa.selenium.remote.HandshakeResponse.lambda$getResponseFunction$0(HandshakeResponse.java:30)
	at org.openqa.selenium.remote.ProtocolHandshake.lambda$createSession$0(ProtocolHandshake.java:126)
	at java.base/java.util.stream.ReferencePipeline$3$1.accept(ReferencePipeline.java:195)
	at java.base/java.util.Spliterators$ArraySpliterator.tryAdvance(Spliterators.java:958)
	at java.base/java.util.stream.ReferencePipeline.forEachWithCancel(ReferencePipeline.java:127)
	at java.base/java.util.stream.AbstractPipeline.copyIntoWithCancel(AbstractPipeline.java:502)
	at java.base/java.util.stream.AbstractPipeline.copyInto(AbstractPipeline.java:488)
	at java.base/java.util.stream.AbstractPipeline.wrapAndCopyInto(AbstractPipeline.java:474)
	at java.base/java.util.stream.FindOps$FindOp.evaluateSequential(FindOps.java:150)
	at java.base/java.util.stream.AbstractPipeline.evaluate(AbstractPipeline.java:234)
	at java.base/java.util.stream.ReferencePipeline.findFirst(ReferencePipeline.java:543)
	at org.openqa.selenium.remote.ProtocolHandshake.createSession(ProtocolHandshake.java:128)
	at org.openqa.selenium.remote.ProtocolHandshake.createSession(ProtocolHandshake.java:74)
	at org.openqa.selenium.remote.HttpCommandExecutor.execute(HttpCommandExecutor.java:136)
	at org.openqa.selenium.remote.RemoteWebDriver.execute(RemoteWebDriver.java:552)
	at org.openqa.selenium.remote.RemoteWebDriver.startSession(RemoteWebDriver.java:213)
	at org.openqa.selenium.remote.RemoteWebDriver.&lt;init&gt;(RemoteWebDriver.java:131)
	at org.openqa.selenium.remote.RemoteWebDriver.&lt;init&gt;(RemoteWebDriver.java:144)
	at utils.browserFactory.gridDriverSetUp(browserFactory.java:104)
	at testCases.hyscaleLoginPageTestCase.driverSetUp(hyscaleLoginPageTestCase.java:34)
	at java.base/java.util.ArrayList.forEach(ArrayList.java:1541)
	at java.base/java.util.concurrent.FutureTask.run(FutureTask.java:264)
	at java.base/java.util.concurrent.ThreadPoolExecutor.runWorker(ThreadPoolExecutor.java:1128)
	at java.base/java.util.concurrent.ThreadPoolExecutor$Worker.run(ThreadPoolExecutor.java:628)
	at java.base/java.lang.Thread.run(Thread.java:834)
Caused by: org.openqa.selenium.WebDriverException: Error forwarding the new session cannot find : Capabilities {acceptInsecureCerts: true, browserName: firefox, platform: WIN10, version: }
Build info: version: &apos;3.141.59&apos;, revision: &apos;e82be7d358&apos;, time: &apos;2018-11-14T08:17:03&apos;
System info: host: &apos;PRINHYLTPDL1861&apos;, ip: &apos;192.168.0.14&apos;, os.name: &apos;Linux&apos;, os.arch: &apos;amd64&apos;, os.version: &apos;5.4.0-70-generic&apos;, java.version: &apos;11.0.10&apos;
Driver info: driver.version: unknown
	at org.openqa.grid.web.servlet.handler.RequestHandler.process(RequestHandler.java:118)
	at org.openqa.grid.web.servlet.DriverServlet.process(DriverServlet.java:85)
	at org.openqa.grid.web.servlet.DriverServlet.doPost(DriverServlet.java:69)
	at javax.servlet.http.HttpServlet.service(HttpServlet.java:707)
	at javax.servlet.http.HttpServlet.service(HttpServlet.java:790)
	at org.seleniumhq.jetty9.servlet.ServletHolder.handle(ServletHolder.java:865)
	at org.seleniumhq.jetty9.servlet.ServletHandler$CachedChain.doFilter(ServletHandler.java:1655)
	at io.prometheus.client.filter.MetricsFilter.doFilter(MetricsFilter.java:170)
	at org.seleniumhq.jetty9.servlet.ServletHandler$CachedChain.doFilter(ServletHandler.java:1642)
	at org.seleniumhq.jetty9.servlet.ServletHandler.doHandle(ServletHandler.java:533)
	at org.seleniumhq.jetty9.server.handler.ScopedHandler.handle(ScopedHandler.java:146)
	at org.seleniumhq.jetty9.security.SecurityHandler.handle(SecurityHandler.java:548)
	at org.seleniumhq.jetty9.server.handler.HandlerWrapper.handle(HandlerWrapper.java:132)
	at org.seleniumhq.jetty9.server.handler.ScopedHandler.nextHandle(ScopedHandler.java:257)
	at org.seleniumhq.jetty9.server.session.SessionHandler.doHandle(SessionHandler.java:1595)
	at org.seleniumhq.jetty9.server.handler.ScopedHandler.nextHandle(ScopedHandler.java:255)
	at org.seleniumhq.jetty9.server.handler.ContextHandler.doHandle(ContextHandler.java:1340)
	at org.seleniumhq.jetty9.server.handler.ScopedHandler.nextScope(ScopedHandler.java:203)
	at org.seleniumhq.jetty9.servlet.ServletHandler.doScope(ServletHandler.java:473)
	at org.seleniumhq.jetty9.server.session.SessionHandler.doScope(SessionHandler.java:1564)
	at org.seleniumhq.jetty9.server.handler.ScopedHandler.nextScope(ScopedHandler.java:201)
	at org.seleniumhq.jetty9.server.handler.ContextHandler.doScope(ContextHandler.java:1242)
	at org.seleniumhq.jetty9.server.handler.ScopedHandler.handle(ScopedHandler.java:144)
	at org.seleniumhq.jetty9.server.handler.StatisticsHandler.handle(StatisticsHandler.java:174)
	at org.seleniumhq.jetty9.server.handler.HandlerWrapper.handle(HandlerWrapper.java:132)
	at org.seleniumhq.jetty9.server.Server.handle(Server.java:503)
	at org.seleniumhq.jetty9.server.HttpChannel.handle(HttpChannel.java:364)
	at org.seleniumhq.jetty9.server.HttpConnection.onFillable(HttpConnection.java:260)
	at org.seleniumhq.jetty9.io.AbstractConnection$ReadCallback.succeeded(AbstractConnection.java:305)
	at org.seleniumhq.jetty9.io.FillInterest.fillable(FillInterest.java:103)
	at org.seleniumhq.jetty9.io.ChannelEndPoint$2.run(ChannelEndPoint.java:118)
	at org.seleniumhq.jetty9.util.thread.strategy.EatWhatYouKill.runTask(EatWhatYouKill.java:333)
	at org.seleniumhq.jetty9.util.thread.strategy.EatWhatYouKill.doProduce(EatWhatYouKill.java:310)
	at org.seleniumhq.jetty9.util.thread.strategy.EatWhatYouKill.tryProduce(EatWhatYouKill.java:168)
	at org.seleniumhq.jetty9.util.thread.strategy.EatWhatYouKill.run(EatWhatYouKill.java:126)
	at org.seleniumhq.jetty9.util.thread.ReservedThreadExecutor$ReservedThread.run(ReservedThreadExecutor.java:366)
	at org.seleniumhq.jetty9.util.thread.QueuedThreadPool.runJob(QueuedThreadPool.java:765)
	at org.seleniumhq.jetty9.util.thread.QueuedThreadPool$2.run(QueuedThreadPool.java:683)
	at java.lang.Thread.run(Thread.java:748)
... Removed 20 stack frames
</div> <!-- stack-trace -->
                </div> <!-- method-content -->
              </div> <!-- method -->
            </div> <!-- main-panel-content rounded-window-bottom -->
          </div> <!-- suite-All_Test_Suite-class-skipped -->
          <div class="suite-All_Test_Suite-class-skipped">
            <div class="main-panel-header rounded-window-top">
              <img src="skipped.png"/>
              <span class="class-name">testCases.Infrastructure.artifactRepoElementsVerification</span>
            </div> <!-- main-panel-header rounded-window-top -->
            <div class="main-panel-content rounded-window-bottom">
              <div class="method">
                <div class="method-content">
                  <a name="RefreshButtonVerification">
                  </a> <!-- RefreshButtonVerification -->
                  <span class="method-name">RefreshButtonVerification</span>
                  <div class="stack-trace">java.lang.NullPointerException
	at pages.common.&lt;init&gt;(common.java:19)
	at pages.Infrastructure.artifactRepoPageObjects.&lt;init&gt;(artifactRepoPageObjects.java:19)
	at testCases.Infrastructure.artifactRepoElementsVerification.getDriver(artifactRepoElementsVerification.java:25)
	at java.base/java.util.ArrayList.forEach(ArrayList.java:1541)
	at java.base/java.util.concurrent.FutureTask.run(FutureTask.java:264)
	at java.base/java.util.concurrent.ThreadPoolExecutor.runWorker(ThreadPoolExecutor.java:1128)
	at java.base/java.util.concurrent.ThreadPoolExecutor$Worker.run(ThreadPoolExecutor.java:628)
	at java.base/java.lang.Thread.run(Thread.java:834)
... Removed 16 stack frames
</div> <!-- stack-trace -->
                </div> <!-- method-content -->
              </div> <!-- method -->
              <div class="method">
                <div class="method-content">
                  <a name="addArtifactRepoButtonVerification">
                  </a> <!-- addArtifactRepoButtonVerification -->
                  <span class="method-name">addArtifactRepoButtonVerification</span>
                  <div class="stack-trace">java.lang.NullPointerException
	at pages.common.&lt;init&gt;(common.java:19)
	at pages.Infrastructure.artifactRepoPageObjects.&lt;init&gt;(artifactRepoPageObjects.java:19)
	at testCases.Infrastructure.artifactRepoElementsVerification.getDriver(artifactRepoElementsVerification.java:25)
	at java.base/java.util.ArrayList.forEach(ArrayList.java:1541)
	at java.base/java.util.concurrent.FutureTask.run(FutureTask.java:264)
	at java.base/java.util.concurrent.ThreadPoolExecutor.runWorker(ThreadPoolExecutor.java:1128)
	at java.base/java.util.concurrent.ThreadPoolExecutor$Worker.run(ThreadPoolExecutor.java:628)
	at java.base/java.lang.Thread.run(Thread.java:834)
... Removed 16 stack frames
</div> <!-- stack-trace -->
                </div> <!-- method-content -->
              </div> <!-- method -->
              <div class="method">
                <div class="method-content">
                  <a name="deleteButtonVerification">
                  </a> <!-- deleteButtonVerification -->
                  <span class="method-name">deleteButtonVerification</span>
                  <div class="stack-trace">java.lang.NullPointerException
	at pages.common.&lt;init&gt;(common.java:19)
	at pages.Infrastructure.artifactRepoPageObjects.&lt;init&gt;(artifactRepoPageObjects.java:19)
	at testCases.Infrastructure.artifactRepoElementsVerification.getDriver(artifactRepoElementsVerification.java:25)
	at java.base/java.util.ArrayList.forEach(ArrayList.java:1541)
	at java.base/java.util.concurrent.FutureTask.run(FutureTask.java:264)
	at java.base/java.util.concurrent.ThreadPoolExecutor.runWorker(ThreadPoolExecutor.java:1128)
	at java.base/java.util.concurrent.ThreadPoolExecutor$Worker.run(ThreadPoolExecutor.java:628)
	at java.base/java.lang.Thread.run(Thread.java:834)
... Removed 16 stack frames
</div> <!-- stack-trace -->
                </div> <!-- method-content -->
              </div> <!-- method -->
              <div class="method">
                <div class="method-content">
                  <a name="editButtonVerification">
                  </a> <!-- editButtonVerification -->
                  <span class="method-name">editButtonVerification</span>
                  <div class="stack-trace">java.lang.NullPointerException
	at pages.common.&lt;init&gt;(common.java:19)
	at pages.Infrastructure.artifactRepoPageObjects.&lt;init&gt;(artifactRepoPageObjects.java:19)
	at testCases.Infrastructure.artifactRepoElementsVerification.getDriver(artifactRepoElementsVerification.java:25)
	at java.base/java.util.ArrayList.forEach(ArrayList.java:1541)
	at java.base/java.util.concurrent.FutureTask.run(FutureTask.java:264)
	at java.base/java.util.concurrent.ThreadPoolExecutor.runWorker(ThreadPoolExecutor.java:1128)
	at java.base/java.util.concurrent.ThreadPoolExecutor$Worker.run(ThreadPoolExecutor.java:628)
	at java.base/java.lang.Thread.run(Thread.java:834)
... Removed 16 stack frames
</div> <!-- stack-trace -->
                </div> <!-- method-content -->
              </div> <!-- method -->
              <div class="method">
                <div class="method-content">
                  <a name="searchArtifactRepo">
                  </a> <!-- searchArtifactRepo -->
                  <span class="method-name">searchArtifactRepo</span>
                  <div class="stack-trace">java.lang.NullPointerException
	at pages.common.&lt;init&gt;(common.java:19)
	at pages.Infrastructure.artifactRepoPageObjects.&lt;init&gt;(artifactRepoPageObjects.java:19)
	at testCases.Infrastructure.artifactRepoElementsVerification.getDriver(artifactRepoElementsVerification.java:25)
	at java.base/java.util.ArrayList.forEach(ArrayList.java:1541)
	at java.base/java.util.concurrent.FutureTask.run(FutureTask.java:264)
	at java.base/java.util.concurrent.ThreadPoolExecutor.runWorker(ThreadPoolExecutor.java:1128)
	at java.base/java.util.concurrent.ThreadPoolExecutor$Worker.run(ThreadPoolExecutor.java:628)
	at java.base/java.lang.Thread.run(Thread.java:834)
... Removed 16 stack frames
</div> <!-- stack-trace -->
                </div> <!-- method-content -->
              </div> <!-- method -->
            </div> <!-- main-panel-content rounded-window-bottom -->
          </div> <!-- suite-All_Test_Suite-class-skipped -->
        </div> <!-- panel All_Test_Suite -->
        <div panel-name="test-xml-All_Test_Suite" class="panel">
          <div class="main-panel-header rounded-window-top">
            <span class="header-content">/home/meghanag/hyscaleworkspace/selenium/k8s/selenium_docker/testng.xml</span>
          </div> <!-- main-panel-header rounded-window-top -->
          <div class="main-panel-content rounded-window-bottom">
            <pre>
&lt;?xml version=&quot;1.0&quot; encoding=&quot;UTF-8&quot;?&gt;
&lt;!DOCTYPE suite SYSTEM &quot;https://testng.org/testng-1.0.dtd&quot;&gt;
&lt;suite thread-count=&quot;2&quot; parallel=&quot;tests&quot; name=&quot;All Test Suite&quot; guice-stage=&quot;DEVELOPMENT&quot; verbose=&quot;0&quot;&gt;
  &lt;test thread-count=&quot;2&quot; parallel=&quot;tests&quot; name=&quot;testoncfirefox&quot; verbose=&quot;0&quot;&gt;
    &lt;parameter name=&quot;browser&quot; value=&quot;firefox&quot;/&gt;
    &lt;parameter name=&quot;seleniumType&quot; value=&quot;grid&quot;/&gt;
    &lt;parameter name=&quot;platform&quot; value=&quot;windows&quot;/&gt;
    &lt;classes&gt;
      &lt;class name=&quot;testCases.hyscaleLoginPageTestCase&quot;/&gt;
      &lt;class name=&quot;testCases.packageElementsVerification&quot;/&gt;
      &lt;class name=&quot;testCases.baseImagesElementsVerification&quot;/&gt;
      &lt;class name=&quot;testCases.baseImagesNegativeTestCases&quot;/&gt;
      &lt;class name=&quot;testCases.PackageNegativeTestCases&quot;/&gt;
      &lt;class name=&quot;testCases.agentsElementVerification&quot;/&gt;
      &lt;class name=&quot;testCases.agentNegativeTestCases&quot;/&gt;
      &lt;class name=&quot;testCases.osImageElementsVerification&quot;/&gt;
      &lt;class name=&quot;testCases.osImageTestCases&quot;/&gt;
      &lt;class name=&quot;testCases.Infrastructure.artifactRepoNegativeScenarios&quot;/&gt;
      &lt;class name=&quot;testCases.Infrastructure.artifactRepoElementsVerification&quot;/&gt;
      &lt;class name=&quot;testCases.Infrastructure.kubernetesClusterElementsVerification&quot;/&gt;
      &lt;class name=&quot;testCases.Infrastructure.clusterAlertMsgTestCases&quot;/&gt;
      &lt;class name=&quot;testCases.Infrastructure.kubernetesClusterElementsVerification&quot;/&gt;
    &lt;/classes&gt;
  &lt;/test&gt; &lt;!-- testoncfirefox --&gt;
&lt;/suite&gt; &lt;!-- All Test Suite --&gt;
            </pre>
          </div> <!-- main-panel-content rounded-window-bottom -->
        </div> <!-- panel -->
        <div panel-name="testlist-All_Test_Suite" class="panel">
          <div class="main-panel-header rounded-window-top">
            <span class="header-content">Tests for All Test Suite</span>
          </div> <!-- main-panel-header rounded-window-top -->
          <div class="main-panel-content rounded-window-bottom">
            <ul>
              <li>
                <span class="test-name">testoncfirefox (14 classes)</span>
              </li>
            </ul>
          </div> <!-- main-panel-content rounded-window-bottom -->
        </div> <!-- panel -->
        <div panel-name="group-All_Test_Suite" class="panel">
          <div class="main-panel-header rounded-window-top">
            <span class="header-content">Groups for All Test Suite</span>
          </div> <!-- main-panel-header rounded-window-top -->
          <div class="main-panel-content rounded-window-bottom">
          </div> <!-- main-panel-content rounded-window-bottom -->
        </div> <!-- panel -->
        <div panel-name="times-All_Test_Suite" class="panel">
          <div class="main-panel-header rounded-window-top">
            <span class="header-content">Times for All Test Suite</span>
          </div> <!-- main-panel-header rounded-window-top -->
          <div class="main-panel-content rounded-window-bottom">
            <div class="times-div">
              <script type="text/javascript">
suiteTableInitFunctions.push('tableData_All_Test_Suite');
function tableData_All_Test_Suite() {
var data = new google.visualization.DataTable();
data.addColumn('number', 'Number');
data.addColumn('string', 'Method');
data.addColumn('string', 'Class');
data.addColumn('number', 'Time (ms)');
data.addRows(66);
data.setCell(0, 0, 0)
data.setCell(0, 1, 'negativeScenarios_BaseImagePortName')
data.setCell(0, 2, 'testCases.baseImagesNegativeTestCases')
data.setCell(0, 3, 3);
data.setCell(1, 0, 1)
data.setCell(1, 1, 'osImageButtonVerification')
data.setCell(1, 2, 'testCases.osImageElementsVerification')
data.setCell(1, 3, 2);
data.setCell(2, 0, 2)
data.setCell(2, 1, 'packageCreateButtonVerify')
data.setCell(2, 2, 'testCases.packageElementsVerification')
data.setCell(2, 3, 2);
data.setCell(3, 0, 3)
data.setCell(3, 1, 'enterImageDetails')
data.setCell(3, 2, 'testCases.baseImagesNegativeTestCases')
data.setCell(3, 3, 1);
data.setCell(4, 0, 4)
data.setCell(4, 1, 'AgentConfigProps_invalid')
data.setCell(4, 2, 'testCases.agentNegativeTestCases')
data.setCell(4, 3, 1);
data.setCell(5, 0, 5)
data.setCell(5, 1, 'InvalidCharacters_AgentsPorts')
data.setCell(5, 2, 'testCases.agentNegativeTestCases')
data.setCell(5, 3, 1);
data.setCell(6, 0, 6)
data.setCell(6, 1, 'maximumCharacters_BaseImage')
data.setCell(6, 2, 'testCases.baseImagesNegativeTestCases')
data.setCell(6, 3, 1);
data.setCell(7, 0, 7)
data.setCell(7, 1, 'importAgentButtonVerification')
data.setCell(7, 2, 'testCases.agentsElementVerification')
data.setCell(7, 3, 1);
data.setCell(8, 0, 8)
data.setCell(8, 1, 'importImageButtonVerification')
data.setCell(8, 2, 'testCases.baseImagesElementsVerification')
data.setCell(8, 3, 1);
data.setCell(9, 0, 9)
data.setCell(9, 1, 'AgentDeleteVerify')
data.setCell(9, 2, 'testCases.agentsElementVerification')
data.setCell(9, 3, 1);
data.setCell(10, 0, 10)
data.setCell(10, 1, 'packageDeleteButtonVerify')
data.setCell(10, 2, 'testCases.packageElementsVerification')
data.setCell(10, 3, 1);
data.setCell(11, 0, 11)
data.setCell(11, 1, 'osImageDeleteVerify')
data.setCell(11, 2, 'testCases.osImageElementsVerification')
data.setCell(11, 3, 0);
data.setCell(12, 0, 12)
data.setCell(12, 1, 'importImageReviewWizardVerify')
data.setCell(12, 2, 'testCases.baseImagesElementsVerification')
data.setCell(12, 3, 0);
data.setCell(13, 0, 13)
data.setCell(13, 1, 'packageEditButtonVerify')
data.setCell(13, 2, 'testCases.packageElementsVerification')
data.setCell(13, 3, 0);
data.setCell(14, 0, 14)
data.setCell(14, 1, 'duplicate_AgentsPorts')
data.setCell(14, 2, 'testCases.agentNegativeTestCases')
data.setCell(14, 3, 0);
data.setCell(15, 0, 15)
data.setCell(15, 1, 'packageDuplicateButtonVerify')
data.setCell(15, 2, 'testCases.packageElementsVerification')
data.setCell(15, 3, 0);
data.setCell(16, 0, 16)
data.setCell(16, 1, 'select_portType')
data.setCell(16, 2, 'testCases.agentNegativeTestCases')
data.setCell(16, 3, 0);
data.setCell(17, 0, 17)
data.setCell(17, 1, 'negativeScenarios_BaseImagePortNumber')
data.setCell(17, 2, 'testCases.baseImagesNegativeTestCases')
data.setCell(17, 3, 0);
data.setCell(18, 0, 18)
data.setCell(18, 1, 'packageNextButtonVerify')
data.setCell(18, 2, 'testCases.packageElementsVerification')
data.setCell(18, 3, 0);
data.setCell(19, 0, 19)
data.setCell(19, 1, 'agentGoToLastPageButtonVerify')
data.setCell(19, 2, 'testCases.agentsElementVerification')
data.setCell(19, 3, 0);
data.setCell(20, 0, 20)
data.setCell(20, 1, 'InvalidCharacters_Agents')
data.setCell(20, 2, 'testCases.agentNegativeTestCases')
data.setCell(20, 3, 0);
data.setCell(21, 0, 21)
data.setCell(21, 1, 'minimumCharacters_Agents')
data.setCell(21, 2, 'testCases.agentNegativeTestCases')
data.setCell(21, 3, 0);
data.setCell(22, 0, 22)
data.setCell(22, 1, 'verifyNextButton')
data.setCell(22, 2, 'testCases.baseImagesElementsVerification')
data.setCell(22, 3, 0);
data.setCell(23, 0, 23)
data.setCell(23, 1, 'packageGoToLastPageButtonVerify')
data.setCell(23, 2, 'testCases.packageElementsVerification')
data.setCell(23, 3, 0);
data.setCell(24, 0, 24)
data.setCell(24, 1, 'agentPreviousButtonVerify')
data.setCell(24, 2, 'testCases.agentsElementVerification')
data.setCell(24, 3, 0);
data.setCell(25, 0, 25)
data.setCell(25, 1, 'osImageGoToLastPageButtonVerify')
data.setCell(25, 2, 'testCases.osImageElementsVerification')
data.setCell(25, 3, 0);
data.setCell(26, 0, 26)
data.setCell(26, 1, 'invalidCharacters_BaseImage')
data.setCell(26, 2, 'testCases.baseImagesNegativeTestCases')
data.setCell(26, 3, 0);
data.setCell(27, 0, 27)
data.setCell(27, 1, 'osImageRefreshButtonVerify')
data.setCell(27, 2, 'testCases.osImageElementsVerification')
data.setCell(27, 3, 0);
data.setCell(28, 0, 28)
data.setCell(28, 1, 'osImageNextButtonVerify')
data.setCell(28, 2, 'testCases.osImageElementsVerification')
data.setCell(28, 3, 0);
data.setCell(29, 0, 29)
data.setCell(29, 1, 'importImageDetails')
data.setCell(29, 2, 'testCases.baseImagesElementsVerification')
data.setCell(29, 3, 0);
data.setCell(30, 0, 30)
data.setCell(30, 1, 'importImageRegistryDetails')
data.setCell(30, 2, 'testCases.baseImagesElementsVerification')
data.setCell(30, 3, 0);
data.setCell(31, 0, 31)
data.setCell(31, 1, 'packagePreviousButtonVerify')
data.setCell(31, 2, 'testCases.packageElementsVerification')
data.setCell(31, 3, 0);
data.setCell(32, 0, 32)
data.setCell(32, 1, 'maximumCharacters_Agents')
data.setCell(32, 2, 'testCases.agentNegativeTestCases')
data.setCell(32, 3, 0);
data.setCell(33, 0, 33)
data.setCell(33, 1, 'minimumCharacters_BaseImage')
data.setCell(33, 2, 'testCases.baseImagesNegativeTestCases')
data.setCell(33, 3, 0);
data.setCell(34, 0, 34)
data.setCell(34, 1, 'osImagePreviousButtonVerify')
data.setCell(34, 2, 'testCases.osImageElementsVerification')
data.setCell(34, 3, 0);
data.setCell(35, 0, 35)
data.setCell(35, 1, 'ImageFilterVerification')
data.setCell(35, 2, 'testCases.baseImagesElementsVerification')
data.setCell(35, 3, 0);
data.setCell(36, 0, 36)
data.setCell(36, 1, 'VerifyConfirmButton')
data.setCell(36, 2, 'testCases.baseImagesElementsVerification')
data.setCell(36, 3, 0);
data.setCell(37, 0, 37)
data.setCell(37, 1, 'importImagePortDetailsVerify')
data.setCell(37, 2, 'testCases.baseImagesElementsVerification')
data.setCell(37, 3, 0);
data.setCell(38, 0, 38)
data.setCell(38, 1, 'agentNextButtonVerify')
data.setCell(38, 2, 'testCases.agentsElementVerification')
data.setCell(38, 3, 0);
data.setCell(39, 0, 39)
data.setCell(39, 1, 'editClusterButtonVerify')
data.setCell(39, 2, 'testCases.Infrastructure.kubernetesClusterElementsVerification')
data.setCell(39, 3, 0);
data.setCell(40, 0, 40)
data.setCell(40, 1, 'deployedEnvironments')
data.setCell(40, 2, 'testCases.Infrastructure.kubernetesClusterElementsVerification')
data.setCell(40, 3, 0);
data.setCell(41, 0, 41)
data.setCell(41, 1, 'deleteClusterButtonVerify')
data.setCell(41, 2, 'testCases.Infrastructure.kubernetesClusterElementsVerification')
data.setCell(41, 3, 0);
data.setCell(42, 0, 42)
data.setCell(42, 1, 'wrongApiServer_AlertMsg')
data.setCell(42, 2, 'testCases.Infrastructure.clusterAlertMsgTestCases')
data.setCell(42, 3, 0);
data.setCell(43, 0, 43)
data.setCell(43, 1, 'scanClusterButtonVerify')
data.setCell(43, 2, 'testCases.Infrastructure.kubernetesClusterElementsVerification')
data.setCell(43, 3, 0);
data.setCell(44, 0, 44)
data.setCell(44, 1, 'TitleAndLogoTest')
data.setCell(44, 2, 'testCases.hyscaleLoginPageTestCase')
data.setCell(44, 3, 0);
data.setCell(45, 0, 45)
data.setCell(45, 1, 'refreshButtonVerify')
data.setCell(45, 2, 'testCases.Infrastructure.kubernetesClusterElementsVerification')
data.setCell(45, 3, 0);
data.setCell(46, 0, 46)
data.setCell(46, 1, 'addClusterButtonVerify')
data.setCell(46, 2, 'testCases.Infrastructure.kubernetesClusterElementsVerification')
data.setCell(46, 3, 0);
data.setCell(47, 0, 47)
data.setCell(47, 1, 'osImageInvalidCharactersValidation')
data.setCell(47, 2, 'testCases.osImageTestCases')
data.setCell(47, 3, 0);
data.setCell(48, 0, 48)
data.setCell(48, 1, 'packagePortNameValidations')
data.setCell(48, 2, 'testCases.PackageNegativeTestCases')
data.setCell(48, 3, 0);
data.setCell(49, 0, 49)
data.setCell(49, 1, 'RefreshButtonVerification')
data.setCell(49, 2, 'testCases.Infrastructure.artifactRepoElementsVerification')
data.setCell(49, 3, 0);
data.setCell(50, 0, 50)
data.setCell(50, 1, 'LoginTest')
data.setCell(50, 2, 'testCases.hyscaleLoginPageTestCase')
data.setCell(50, 3, 0);
data.setCell(51, 0, 51)
data.setCell(51, 1, 'osImageMaxCharactersValidation')
data.setCell(51, 2, 'testCases.osImageTestCases')
data.setCell(51, 3, 0);
data.setCell(52, 0, 52)
data.setCell(52, 1, 'artifactRepoMInvalidCharacters')
data.setCell(52, 2, 'testCases.Infrastructure.artifactRepoNegativeScenarios')
data.setCell(52, 3, 0);
data.setCell(53, 0, 53)
data.setCell(53, 1, 'addArtifactRepoButtonVerification')
data.setCell(53, 2, 'testCases.Infrastructure.artifactRepoElementsVerification')
data.setCell(53, 3, 0);
data.setCell(54, 0, 54)
data.setCell(54, 1, 'packageLevelPortValidations')
data.setCell(54, 2, 'testCases.PackageNegativeTestCases')
data.setCell(54, 3, 0);
data.setCell(55, 0, 55)
data.setCell(55, 1, 'deleteButtonVerification')
data.setCell(55, 2, 'testCases.Infrastructure.artifactRepoElementsVerification')
data.setCell(55, 3, 0);
data.setCell(56, 0, 56)
data.setCell(56, 1, 'artifactRepoMinCharacters')
data.setCell(56, 2, 'testCases.Infrastructure.artifactRepoNegativeScenarios')
data.setCell(56, 3, 0);
data.setCell(57, 0, 57)
data.setCell(57, 1, 'verifySaveAndTestButton_beforeEnteringDetails')
data.setCell(57, 2, 'testCases.Infrastructure.artifactRepoNegativeScenarios')
data.setCell(57, 3, 0);
data.setCell(58, 0, 58)
data.setCell(58, 1, 'editButtonVerification')
data.setCell(58, 2, 'testCases.Infrastructure.artifactRepoElementsVerification')
data.setCell(58, 3, 0);
data.setCell(59, 0, 59)
data.setCell(59, 1, 'packageLevelMinimumCharacters')
data.setCell(59, 2, 'testCases.PackageNegativeTestCases')
data.setCell(59, 3, 0);
data.setCell(60, 0, 60)
data.setCell(60, 1, 'osImageMinCharactersValidation')
data.setCell(60, 2, 'testCases.osImageTestCases')
data.setCell(60, 3, 0);
data.setCell(61, 0, 61)
data.setCell(61, 1, 'searchArtifactRepo')
data.setCell(61, 2, 'testCases.Infrastructure.artifactRepoElementsVerification')
data.setCell(61, 3, 0);
data.setCell(62, 0, 62)
data.setCell(62, 1, 'artifactRepoMaxCharacters')
data.setCell(62, 2, 'testCases.Infrastructure.artifactRepoNegativeScenarios')
data.setCell(62, 3, 0);
data.setCell(63, 0, 63)
data.setCell(63, 1, 'packageLevelInvalidCharacters')
data.setCell(63, 2, 'testCases.PackageNegativeTestCases')
data.setCell(63, 3, 0);
data.setCell(64, 0, 64)
data.setCell(64, 1, 'SearchVerify')
data.setCell(64, 2, 'testCases.Infrastructure.kubernetesClusterElementsVerification')
data.setCell(64, 3, 0);
data.setCell(65, 0, 65)
data.setCell(65, 1, 'messageValidations_IfTextIsNotEntered')
data.setCell(65, 2, 'testCases.Infrastructure.clusterAlertMsgTestCases')
data.setCell(65, 3, 0);
window.suiteTableData['All_Test_Suite']= { tableData: data, tableDiv: 'times-div-All_Test_Suite'}
return data;
}
              </script>
              <span class="suite-total-time">Total running time: 1 seconds</span>
              <div id="times-div-All_Test_Suite">
              </div> <!-- times-div-All_Test_Suite -->
            </div> <!-- times-div -->
          </div> <!-- main-panel-content rounded-window-bottom -->
        </div> <!-- panel -->
        <div panel-name="reporter-All_Test_Suite" class="panel">
          <div class="main-panel-header rounded-window-top">
            <span class="header-content">Reporter output for All Test Suite</span>
          </div> <!-- main-panel-header rounded-window-top -->
          <div class="main-panel-content rounded-window-bottom">
          </div> <!-- main-panel-content rounded-window-bottom -->
        </div> <!-- panel -->
        <div panel-name="ignored-methods-All_Test_Suite" class="panel">
          <div class="main-panel-header rounded-window-top">
            <span class="header-content">9 ignored methods</span>
          </div> <!-- main-panel-header rounded-window-top -->
          <div class="main-panel-content rounded-window-bottom">
            <div class="ignored-class-div">
              <span class="ignored-class-name">testCases.Infrastructure.kubernetesClusterElementsVerification</span>
              <div class="ignored-methods-div">
                <span class="ignored-method-name">AddMemberToCluster</span>
                <br/>
                <span class="ignored-method-name">VerifyTestAndSaveButton_noDetailsProvided</span>
                <br/>
                <span class="ignored-method-name">DeleteMemberFromMember</span>
                <br/>
              </div> <!-- ignored-methods-div -->
            </div> <!-- ignored-class-div -->
            <div class="ignored-class-div">
              <span class="ignored-class-name">testCases.agentsElementVerification</span>
              <div class="ignored-methods-div">
                <span class="ignored-method-name">agentSearch</span>
                <br/>
              </div> <!-- ignored-methods-div -->
            </div> <!-- ignored-class-div -->
            <div class="ignored-class-div">
              <span class="ignored-class-name">testCases.baseImagesElementsVerification</span>
              <div class="ignored-methods-div">
                <span class="ignored-method-name">ASearchImage</span>
                <br/>
              </div> <!-- ignored-methods-div -->
            </div> <!-- ignored-class-div -->
            <div class="ignored-class-div">
              <span class="ignored-class-name">testCases.osImageElementsVerification</span>
              <div class="ignored-methods-div">
                <span class="ignored-method-name">osImageSearch</span>
                <br/>
                <span class="ignored-method-name">osImageFilterVerification</span>
                <br/>
              </div> <!-- ignored-methods-div -->
            </div> <!-- ignored-class-div -->
            <div class="ignored-class-div">
              <span class="ignored-class-name">testCases.packageElementsVerification</span>
              <div class="ignored-methods-div">
                <span class="ignored-method-name">packageSearchVerify</span>
                <br/>
              </div> <!-- ignored-methods-div -->
            </div> <!-- ignored-class-div -->
            <div class="ignored-class-div">
              <span class="ignored-class-name">testCases.baseImagesNegativeTestCases</span>
              <div class="ignored-methods-div">
                <span class="ignored-method-name">abnormalScenarios_BaseImagePortLevel</span>
                <br/>
              </div> <!-- ignored-methods-div -->
            </div> <!-- ignored-class-div -->
          </div> <!-- main-panel-content rounded-window-bottom -->
        </div> <!-- panel -->
        <div panel-name="chronological-All_Test_Suite" class="panel">
          <div class="main-panel-header rounded-window-top">
            <span class="header-content">Methods in chronological order</span>
          </div> <!-- main-panel-header rounded-window-top -->
          <div class="main-panel-content rounded-window-bottom">
            <div class="chronological-class">
              <div class="chronological-class-name">testCases.hyscaleLoginPageTestCase</div> <!-- chronological-class-name -->
              <div class="configuration-class before">
                <img src="failed.png">
                </img>
                <span class="method-name">driverSetUp(firefox, windows, http://34.83.242.73/wd/hub, grid)</span>
                <span class="method-start">0 ms</span>
              </div> <!-- configuration-class before -->
              <div class="test-method">
                <span class="method-name">TitleAndLogoTest</span>
                <span class="method-start">1179 ms</span>
              </div> <!-- test-method -->
              <div class="test-method">
                <span class="method-name">LoginTest</span>
                <span class="method-start">1183 ms</span>
              </div> <!-- test-method -->
              <div class="configuration-class after">
                <span class="method-name">LoginTestVerification</span>
                <span class="method-start">1184 ms</span>
              </div> <!-- configuration-class after -->
            </div> <!-- chronological-class -->
            <div class="chronological-class">
              <div class="chronological-class-name">testCases.packageElementsVerification</div> <!-- chronological-class-name -->
              <div class="configuration-class before">
                <span class="method-name">getDriver</span>
                <span class="method-start">1184 ms</span>
              </div> <!-- configuration-class before -->
              <div class="test-method">
                <img src="failed.png">
                </img>
                <span class="method-name">packageCreateButtonVerify</span>
                <span class="method-start">1186 ms</span>
              </div> <!-- test-method -->
              <div class="test-method">
                <img src="failed.png">
                </img>
                <span class="method-name">packageDuplicateButtonVerify</span>
                <span class="method-start">1192 ms</span>
              </div> <!-- test-method -->
              <div class="test-method">
                <img src="failed.png">
                </img>
                <span class="method-name">packageEditButtonVerify</span>
                <span class="method-start">1194 ms</span>
              </div> <!-- test-method -->
              <div class="test-method">
                <img src="failed.png">
                </img>
                <span class="method-name">packageDeleteButtonVerify</span>
                <span class="method-start">1195 ms</span>
              </div> <!-- test-method -->
              <div class="test-method">
                <img src="failed.png">
                </img>
                <span class="method-name">packageNextButtonVerify</span>
                <span class="method-start">1197 ms</span>
              </div> <!-- test-method -->
              <div class="test-method">
                <img src="failed.png">
                </img>
                <span class="method-name">packageGoToLastPageButtonVerify</span>
                <span class="method-start">1198 ms</span>
              </div> <!-- test-method -->
              <div class="test-method">
                <img src="failed.png">
                </img>
                <span class="method-name">packagePreviousButtonVerify</span>
                <span class="method-start">1199 ms</span>
              </div> <!-- test-method -->
            </div> <!-- chronological-class -->
            <div class="chronological-class">
              <div class="chronological-class-name">testCases.PackageNegativeTestCases</div> <!-- chronological-class-name -->
              <div class="configuration-class before">
                <img src="failed.png">
                </img>
                <span class="method-name">packageLevelMaxCharacters</span>
                <span class="method-start">1200 ms</span>
              </div> <!-- configuration-class before -->
              <div class="test-method">
                <span class="method-name">packageLevelMinimumCharacters</span>
                <span class="method-start">1202 ms</span>
              </div> <!-- test-method -->
              <div class="test-method">
                <span class="method-name">packageLevelInvalidCharacters</span>
                <span class="method-start">1203 ms</span>
              </div> <!-- test-method -->
              <div class="test-method">
                <span class="method-name">packageLevelPortValidations</span>
                <span class="method-start">1203 ms</span>
              </div> <!-- test-method -->
              <div class="test-method">
                <span class="method-name">packagePortNameValidations</span>
                <span class="method-start">1204 ms</span>
              </div> <!-- test-method -->
              <div class="configuration-class after">
                <span class="method-name">PackageConfigProperties</span>
                <span class="method-start">1204 ms</span>
              </div> <!-- configuration-class after -->
            </div> <!-- chronological-class -->
            <div class="chronological-class">
              <div class="chronological-class-name">testCases.baseImagesElementsVerification</div> <!-- chronological-class-name -->
              <div class="configuration-class before">
                <span class="method-name">getDriver</span>
                <span class="method-start">1205 ms</span>
              </div> <!-- configuration-class before -->
              <div class="test-method">
                <img src="failed.png">
                </img>
                <span class="method-name">importImageButtonVerification</span>
                <span class="method-start">1206 ms</span>
              </div> <!-- test-method -->
              <div class="test-method">
                <img src="failed.png">
                </img>
                <span class="method-name">verifyNextButton</span>
                <span class="method-start">1208 ms</span>
              </div> <!-- test-method -->
              <div class="test-method">
                <img src="failed.png">
                </img>
                <span class="method-name">importImageDetails</span>
                <span class="method-start">1209 ms</span>
              </div> <!-- test-method -->
              <div class="test-method">
                <img src="failed.png">
                </img>
                <span class="method-name">importImageRegistryDetails</span>
                <span class="method-start">1210 ms</span>
              </div> <!-- test-method -->
              <div class="test-method">
                <img src="failed.png">
                </img>
                <span class="method-name">importImagePortDetailsVerify</span>
                <span class="method-start">1212 ms</span>
              </div> <!-- test-method -->
              <div class="test-method">
                <img src="failed.png">
                </img>
                <span class="method-name">importImageReviewWizardVerify</span>
                <span class="method-start">1213 ms</span>
              </div> <!-- test-method -->
              <div class="test-method">
                <img src="failed.png">
                </img>
                <span class="method-name">VerifyConfirmButton</span>
                <span class="method-start">1214 ms</span>
              </div> <!-- test-method -->
              <div class="test-method">
                <img src="failed.png">
                </img>
                <span class="method-name">ImageFilterVerification</span>
                <span class="method-start">1215 ms</span>
              </div> <!-- test-method -->
              <div class="configuration-class after">
                <img src="failed.png">
                </img>
                <span class="method-name">baseImageRefreshButtonVerify</span>
                <span class="method-start">1216 ms</span>
              </div> <!-- configuration-class after -->
            </div> <!-- chronological-class -->
            <div class="chronological-class">
              <div class="chronological-class-name">testCases.baseImagesNegativeTestCases</div> <!-- chronological-class-name -->
              <div class="configuration-class before">
                <span class="method-name">getDriver</span>
                <span class="method-start">1217 ms</span>
              </div> <!-- configuration-class before -->
              <div class="test-method">
                <img src="failed.png">
                </img>
                <span class="method-name">maximumCharacters_BaseImage</span>
                <span class="method-start">1217 ms</span>
              </div> <!-- test-method -->
              <div class="test-method">
                <img src="failed.png">
                </img>
                <span class="method-name">minimumCharacters_BaseImage</span>
                <span class="method-start">1219 ms</span>
              </div> <!-- test-method -->
              <div class="test-method">
                <img src="failed.png">
                </img>
                <span class="method-name">invalidCharacters_BaseImage</span>
                <span class="method-start">1223 ms</span>
              </div> <!-- test-method -->
              <div class="test-method">
                <img src="failed.png">
                </img>
                <span class="method-name">enterImageDetails</span>
                <span class="method-start">1224 ms</span>
              </div> <!-- test-method -->
              <div class="test-method">
                <img src="failed.png">
                </img>
                <span class="method-name">negativeScenarios_BaseImagePortName</span>
                <span class="method-start">1226 ms</span>
              </div> <!-- test-method -->
              <div class="test-method">
                <img src="failed.png">
                </img>
                <span class="method-name">negativeScenarios_BaseImagePortNumber</span>
                <span class="method-start">1230 ms</span>
              </div> <!-- test-method -->
              <div class="configuration-class after">
                <img src="failed.png">
                </img>
                <span class="method-name">negativeScenarios_BaseImageConfigProperties</span>
                <span class="method-start">1230 ms</span>
              </div> <!-- configuration-class after -->
            </div> <!-- chronological-class -->
            <div class="chronological-class">
              <div class="chronological-class-name">testCases.agentsElementVerification</div> <!-- chronological-class-name -->
              <div class="configuration-class before">
                <span class="method-name">getDriver</span>
                <span class="method-start">1231 ms</span>
              </div> <!-- configuration-class before -->
              <div class="test-method">
                <img src="failed.png">
                </img>
                <span class="method-name">importAgentButtonVerification</span>
                <span class="method-start">1233 ms</span>
              </div> <!-- test-method -->
              <div class="test-method">
                <img src="failed.png">
                </img>
                <span class="method-name">AgentDeleteVerify</span>
                <span class="method-start">1234 ms</span>
              </div> <!-- test-method -->
              <div class="test-method">
                <img src="failed.png">
                </img>
                <span class="method-name">agentGoToLastPageButtonVerify</span>
                <span class="method-start">1235 ms</span>
              </div> <!-- test-method -->
              <div class="test-method">
                <img src="failed.png">
                </img>
                <span class="method-name">agentPreviousButtonVerify</span>
                <span class="method-start">1236 ms</span>
              </div> <!-- test-method -->
              <div class="test-method">
                <img src="failed.png">
                </img>
                <span class="method-name">agentNextButtonVerify</span>
                <span class="method-start">1237 ms</span>
              </div> <!-- test-method -->
            </div> <!-- chronological-class -->
            <div class="chronological-class">
              <div class="chronological-class-name">testCases.agentNegativeTestCases</div> <!-- chronological-class-name -->
              <div class="configuration-class before">
                <span class="method-name">getDriver</span>
                <span class="method-start">1237 ms</span>
              </div> <!-- configuration-class before -->
              <div class="test-method">
                <img src="failed.png">
                </img>
                <span class="method-name">maximumCharacters_Agents</span>
                <span class="method-start">1239 ms</span>
              </div> <!-- test-method -->
              <div class="test-method">
                <img src="failed.png">
                </img>
                <span class="method-name">minimumCharacters_Agents</span>
                <span class="method-start">1240 ms</span>
              </div> <!-- test-method -->
              <div class="test-method">
                <img src="failed.png">
                </img>
                <span class="method-name">InvalidCharacters_Agents</span>
                <span class="method-start">1241 ms</span>
              </div> <!-- test-method -->
              <div class="test-method">
                <img src="failed.png">
                </img>
                <span class="method-name">InvalidCharacters_AgentsPorts</span>
                <span class="method-start">1241 ms</span>
              </div> <!-- test-method -->
              <div class="test-method">
                <img src="failed.png">
                </img>
                <span class="method-name">duplicate_AgentsPorts</span>
                <span class="method-start">1242 ms</span>
              </div> <!-- test-method -->
              <div class="test-method">
                <img src="failed.png">
                </img>
                <span class="method-name">select_portType</span>
                <span class="method-start">1243 ms</span>
              </div> <!-- test-method -->
              <div class="test-method">
                <img src="failed.png">
                </img>
                <span class="method-name">AgentConfigProps_invalid</span>
                <span class="method-start">1243 ms</span>
              </div> <!-- test-method -->
            </div> <!-- chronological-class -->
            <div class="chronological-class">
              <div class="chronological-class-name">testCases.osImageElementsVerification</div> <!-- chronological-class-name -->
              <div class="configuration-class before">
                <span class="method-name">getDriver</span>
                <span class="method-start">1244 ms</span>
              </div> <!-- configuration-class before -->
              <div class="test-method">
                <img src="failed.png">
                </img>
                <span class="method-name">osImageButtonVerification</span>
                <span class="method-start">1245 ms</span>
              </div> <!-- test-method -->
              <div class="test-method">
                <img src="failed.png">
                </img>
                <span class="method-name">osImageDeleteVerify</span>
                <span class="method-start">1248 ms</span>
              </div> <!-- test-method -->
              <div class="test-method">
                <img src="failed.png">
                </img>
                <span class="method-name">osImageRefreshButtonVerify</span>
                <span class="method-start">1249 ms</span>
              </div> <!-- test-method -->
              <div class="test-method">
                <img src="failed.png">
                </img>
                <span class="method-name">osImagePreviousButtonVerify</span>
                <span class="method-start">1250 ms</span>
              </div> <!-- test-method -->
              <div class="test-method">
                <img src="failed.png">
                </img>
                <span class="method-name">osImageGoToLastPageButtonVerify</span>
                <span class="method-start">1251 ms</span>
              </div> <!-- test-method -->
              <div class="test-method">
                <img src="failed.png">
                </img>
                <span class="method-name">osImageNextButtonVerify</span>
                <span class="method-start">1252 ms</span>
              </div> <!-- test-method -->
            </div> <!-- chronological-class -->
            <div class="chronological-class">
              <div class="chronological-class-name">testCases.osImageTestCases</div> <!-- chronological-class-name -->
              <div class="configuration-class before">
                <img src="failed.png">
                </img>
                <span class="method-name">getDriver</span>
                <span class="method-start">1253 ms</span>
              </div> <!-- configuration-class before -->
              <div class="test-method">
                <span class="method-name">osImageMaxCharactersValidation</span>
                <span class="method-start">1254 ms</span>
              </div> <!-- test-method -->
              <div class="test-method">
                <span class="method-name">osImageMinCharactersValidation</span>
                <span class="method-start">1255 ms</span>
              </div> <!-- test-method -->
              <div class="test-method">
                <span class="method-name">osImageInvalidCharactersValidation</span>
                <span class="method-start">1257 ms</span>
              </div> <!-- test-method -->
            </div> <!-- chronological-class -->
            <div class="chronological-class">
              <div class="chronological-class-name">testCases.Infrastructure.clusterAlertMsgTestCases</div> <!-- chronological-class-name -->
              <div class="configuration-class before">
                <img src="failed.png">
                </img>
                <span class="method-name">getDriver</span>
                <span class="method-start">1257 ms</span>
              </div> <!-- configuration-class before -->
              <div class="configuration-method before">
                <span class="method-name">enterText</span>
                <span class="method-start">1259 ms</span>
              </div> <!-- configuration-method before -->
              <div class="test-method">
                <span class="method-name">messageValidations_IfTextIsNotEntered</span>
                <span class="method-start">1260 ms</span>
              </div> <!-- test-method -->
              <div class="configuration-method before">
                <span class="method-name">enterText</span>
                <span class="method-start">1260 ms</span>
              </div> <!-- configuration-method before -->
              <div class="test-method">
                <span class="method-name">wrongApiServer_AlertMsg</span>
                <span class="method-start">1261 ms</span>
              </div> <!-- test-method -->
            </div> <!-- chronological-class -->
            <div class="chronological-class">
              <div class="chronological-class-name">testCases.Infrastructure.kubernetesClusterElementsVerification</div> <!-- chronological-class-name -->
              <div class="configuration-class before">
                <img src="failed.png">
                </img>
                <span class="method-name">getDriver</span>
                <span class="method-start">1261 ms</span>
              </div> <!-- configuration-class before -->
              <div class="test-method">
                <span class="method-name">addClusterButtonVerify</span>
                <span class="method-start">1262 ms</span>
              </div> <!-- test-method -->
              <div class="test-method">
                <span class="method-name">deleteClusterButtonVerify</span>
                <span class="method-start">1262 ms</span>
              </div> <!-- test-method -->
              <div class="test-method">
                <span class="method-name">editClusterButtonVerify</span>
                <span class="method-start">1262 ms</span>
              </div> <!-- test-method -->
              <div class="test-method">
                <span class="method-name">refreshButtonVerify</span>
                <span class="method-start">1263 ms</span>
              </div> <!-- test-method -->
              <div class="test-method">
                <span class="method-name">scanClusterButtonVerify</span>
                <span class="method-start">1263 ms</span>
              </div> <!-- test-method -->
              <div class="test-method">
                <span class="method-name">SearchVerify</span>
                <span class="method-start">1263 ms</span>
              </div> <!-- test-method -->
              <div class="test-method">
                <span class="method-name">deployedEnvironments</span>
                <span class="method-start">1264 ms</span>
              </div> <!-- test-method -->
            </div> <!-- chronological-class -->
            <div class="chronological-class">
              <div class="chronological-class-name">testCases.Infrastructure.artifactRepoNegativeScenarios</div> <!-- chronological-class-name -->
              <div class="configuration-class before">
                <img src="failed.png">
                </img>
                <span class="method-name">getDriver</span>
                <span class="method-start">1264 ms</span>
              </div> <!-- configuration-class before -->
              <div class="test-method">
                <span class="method-name">artifactRepoMaxCharacters</span>
                <span class="method-start">1266 ms</span>
              </div> <!-- test-method -->
              <div class="test-method">
                <span class="method-name">artifactRepoMinCharacters</span>
                <span class="method-start">1266 ms</span>
              </div> <!-- test-method -->
              <div class="test-method">
                <span class="method-name">artifactRepoMInvalidCharacters</span>
                <span class="method-start">1267 ms</span>
              </div> <!-- test-method -->
              <div class="test-method">
                <span class="method-name">verifySaveAndTestButton_beforeEnteringDetails</span>
                <span class="method-start">1267 ms</span>
              </div> <!-- test-method -->
            </div> <!-- chronological-class -->
            <div class="chronological-class">
              <div class="chronological-class-name">testCases.Infrastructure.artifactRepoElementsVerification</div> <!-- chronological-class-name -->
              <div class="configuration-class before">
                <img src="failed.png">
                </img>
                <span class="method-name">getDriver</span>
                <span class="method-start">1267 ms</span>
              </div> <!-- configuration-class before -->
              <div class="test-method">
                <span class="method-name">searchArtifactRepo</span>
                <span class="method-start">1268 ms</span>
              </div> <!-- test-method -->
              <div class="test-method">
                <span class="method-name">addArtifactRepoButtonVerification</span>
                <span class="method-start">1269 ms</span>
              </div> <!-- test-method -->
              <div class="test-method">
                <span class="method-name">RefreshButtonVerification</span>
                <span class="method-start">1269 ms</span>
              </div> <!-- test-method -->
              <div class="test-method">
                <span class="method-name">deleteButtonVerification</span>
                <span class="method-start">1269 ms</span>
              </div> <!-- test-method -->
              <div class="test-method">
                <span class="method-name">editButtonVerification</span>
                <span class="method-start">1269 ms</span>
              </div> <!-- test-method -->
            </div> <!-- chronological-class -->
            <div class="chronological-class">
              <div class="chronological-class-name">testCases.agentsElementVerification</div> <!-- chronological-class-name -->
              <div class="configuration-test after">
                <img src="failed.png">
                </img>
                <span class="method-name">agentRefreshButtonVerify</span>
                <span class="method-start">1270 ms</span>
              </div> <!-- configuration-test after -->
            </div> <!-- chronological-class -->
            <div class="chronological-class">
              <div class="chronological-class-name">testCases.hyscaleLoginPageTestCase</div> <!-- chronological-class-name -->
              <div class="configuration-suite after">
                <span class="method-name">closeBrowser</span>
                <span class="method-start">1365 ms</span>
              </div> <!-- configuration-suite after -->
          </div> <!-- main-panel-content rounded-window-bottom -->
        </div> <!-- panel -->
      </div> <!-- main-panel-root -->
    </div> <!-- wrapper -->
  </body>
</html>
